#
# There is insufficient memory for the Java Runtime Environment to continue.
# Native memory allocation (malloc) failed to allocate 380896 bytes for Chunk::new
# Possible reasons:
#   The system is out of physical RAM or swap space
#   In 32 bit mode, the process size limit was hit
# Possible solutions:
#   Reduce memory load on the system
#   Increase physical memory or swap space
#   Check if swap backing store is full
#   Use 64 bit Java on a 64 bit OS
#   Decrease Java heap size (-Xmx/-Xms)
#   Decrease number of Java threads
#   Decrease Java thread stack sizes (-Xss)
#   Set larger code cache with -XX:ReservedCodeCacheSize=
# This output file may be truncated or incomplete.
#
#  Out of Memory Error (allocation.cpp:390), pid=5204, tid=548
#
# JRE version: Java(TM) SE Runtime Environment (8.0_77-b03) (build 1.8.0_77-b03)
# Java VM: Java HotSpot(TM) 64-Bit Server VM (25.77-b03 mixed mode windows-amd64 compressed oops)
# Failed to write core dump. Minidumps are not enabled by default on client versions of Windows
#

---------------  T H R E A D  ---------------

Current thread (0x0000000056379000):  JavaThread "C2 CompilerThread1" daemon [_thread_in_native, id=548, stack(0x0000000056bf0000,0x0000000056cf0000)]

Stack: [0x0000000056bf0000,0x0000000056cf0000]
[error occurred during error reporting (printing stack bounds), id 0xc0000005]

Native frames: (J=compiled Java code, j=interpreted, Vv=VM code, C=native code)


Current CompileTask:
C2:  15301  912       4       com.android.dx.ssa.back.LivenessAnalyzer::handleTailRecursion (94 bytes)


---------------  P R O C E S S  ---------------

Java Threads: ( => current thread )
  0x0000000056626000 JavaThread "pool-2-thread-4" [_thread_blocked, id=4100, stack(0x0000000057830000,0x0000000057930000)]
  0x0000000056622000 JavaThread "pool-2-thread-3" [_thread_blocked_trans, id=5444, stack(0x0000000057640000,0x0000000057740000)]
  0x000000005661e000 JavaThread "pool-2-thread-2" [_thread_blocked, id=5532, stack(0x00000000570b0000,0x00000000571b0000)]
  0x0000000056570000 JavaThread "pool-3-thread-1" [_thread_blocked, id=3688, stack(0x0000000057320000,0x0000000057420000)]
  0x000000005656e000 JavaThread "pool-2-thread-1" [_thread_blocked, id=5252, stack(0x0000000057420000,0x0000000057520000)]
  0x00000000563f6000 JavaThread "Service Thread" daemon [_thread_blocked, id=592, stack(0x0000000056fa0000,0x00000000570a0000)]
  0x000000005637a000 JavaThread "C1 CompilerThread2" daemon [_thread_blocked, id=5312, stack(0x0000000056d90000,0x0000000056e90000)]
=>0x0000000056379000 JavaThread "C2 CompilerThread1" daemon [_thread_in_native, id=548, stack(0x0000000056bf0000,0x0000000056cf0000)]
  0x0000000056377000 JavaThread "C2 CompilerThread0" daemon [_thread_blocked, id=5828, stack(0x0000000056aa0000,0x0000000056ba0000)]
  0x0000000056372800 JavaThread "Attach Listener" daemon [_thread_blocked, id=2644, stack(0x00000000568f0000,0x00000000569f0000)]
  0x00000000550c9000 JavaThread "Signal Dispatcher" daemon [_thread_blocked, id=5348, stack(0x00000000567d0000,0x00000000568d0000)]
  0x00000000550a9000 JavaThread "Finalizer" daemon [_thread_blocked, id=2724, stack(0x0000000056270000,0x0000000056370000)]
  0x0000000055062000 JavaThread "Reference Handler" daemon [_thread_blocked, id=4088, stack(0x0000000056050000,0x0000000056150000)]
  0x000000000015d800 JavaThread "main" [_thread_blocked, id=2876, stack(0x0000000002420000,0x0000000002520000)]

Other Threads:
  0x000000005505a000 VMThread [stack: 0x0000000055eb0000,0x0000000055fb0000] [id=5852]
  0x0000000056438000 WatcherThread [stack: 0x0000000057220000,0x0000000057320000] [id=3600]

VM state:not at safepoint (normal execution)

VM Mutex/Monitor currently owned by a thread: None

Heap:
 PSYoungGen      total 18944K, used 3640K [0x00000000eab00000, 0x00000000ec000000, 0x0000000100000000)
  eden space 16384K, 6% used [0x00000000eab00000,0x00000000eac14c28,0x00000000ebb00000)
  from space 2560K, 98% used [0x00000000ebb00000,0x00000000ebd79620,0x00000000ebd80000)
  to   space 2560K, 0% used [0x00000000ebd80000,0x00000000ebd80000,0x00000000ec000000)
 ParOldGen       total 44032K, used 1811K [0x00000000c0000000, 0x00000000c2b00000, 0x00000000eab00000)
  object space 44032K, 4% used [0x00000000c0000000,0x00000000c01c4eb0,0x00000000c2b00000)
 Metaspace       used 5649K, capacity 6768K, committed 7040K, reserved 1056768K
  class space    used 578K, capacity 616K, committed 640K, reserved 1048576K

Card table byte_map: [0x0000000011bb0000,0x0000000011dc0000] byte_map_base: 0x00000000115b0000

Marking Bits: (ParMarkBitMap*) 0x000000006cdf0600
 Begin Bits: [0x00000000124d0000, 0x00000000134d0000)
 End Bits:   [0x00000000134d0000, 0x00000000144d0000)

Polling page: 0x0000000000140000

CodeCache: size=245760Kb used=3702Kb max_used=3702Kb free=242057Kb
 bounds [0x00000000027f0000, 0x0000000002b90000, 0x00000000117f0000]
 total_blobs=1185 nmethods=923 adapters=174
 compilation: disabled (not enough contiguous free space left)

Compilation events (10 events):
Event: 15.286 Thread 0x000000005637a000 nmethod 934 0x0000000002b8c950 code [0x0000000002b8caa0, 0x0000000002b8cbd0]
Event: 15.286 Thread 0x000000005637a000  935       3       java.lang.ref.ReferenceQueue::remove (6 bytes)
Event: 15.286 Thread 0x000000005637a000 nmethod 935 0x0000000002b8cc50 code [0x0000000002b8cdc0, 0x0000000002b8cfc8]
Event: 15.286 Thread 0x000000005637a000  936   !   3       java.lang.ref.ReferenceQueue::remove (125 bytes)
Event: 15.287 Thread 0x000000005637a000 nmethod 936 0x0000000002b8d050 code [0x0000000002b8d220, 0x0000000002b8dab8]
Event: 15.287 Thread 0x000000005637a000  932   !   3       java.lang.ref.Reference::tryHandlePending (115 bytes)
Event: 15.288 Thread 0x000000005637a000 nmethod 932 0x0000000002b8ded0 code [0x0000000002b8e100, 0x0000000002b8ed88]
Event: 15.288 Thread 0x000000005637a000  933   !   3       java.lang.ref.ReferenceQueue::enqueue (119 bytes)
Event: 15.288 Thread 0x000000005637a000 nmethod 933 0x0000000002b8f290 code [0x0000000002b8f420, 0x0000000002b8fb68]
Event: 15.288 Thread 0x000000005637a000  929   !   3       java.util.zip.ZipFile$ZipFileInflaterInputStream::close (67 bytes)

GC Heap History (2 events):
Event: 14.950 GC heap before
{Heap before GC invocations=1 (full 0):
 PSYoungGen      total 18944K, used 16384K [0x00000000eab00000, 0x00000000ec000000, 0x0000000100000000)
  eden space 16384K, 100% used [0x00000000eab00000,0x00000000ebb00000,0x00000000ebb00000)
  from space 2560K, 0% used [0x00000000ebd80000,0x00000000ebd80000,0x00000000ec000000)
  to   space 2560K, 0% used [0x00000000ebb00000,0x00000000ebb00000,0x00000000ebd80000)
 ParOldGen       total 44032K, used 0K [0x00000000c0000000, 0x00000000c2b00000, 0x00000000eab00000)
  object space 44032K, 0% used [0x00000000c0000000,0x00000000c0000000,0x00000000c2b00000)
 Metaspace       used 5637K, capacity 6768K, committed 7040K, reserved 1056768K
  class space    used 578K, capacity 616K, committed 640K, reserved 1048576K
Event: 15.185 GC heap after
Heap after GC invocations=1 (full 0):
 PSYoungGen      total 18944K, used 2533K [0x00000000eab00000, 0x00000000ec000000, 0x0000000100000000)
  eden space 16384K, 0% used [0x00000000eab00000,0x00000000eab00000,0x00000000ebb00000)
  from space 2560K, 98% used [0x00000000ebb00000,0x00000000ebd79620,0x00000000ebd80000)
  to   space 2560K, 0% used [0x00000000ebd80000,0x00000000ebd80000,0x00000000ec000000)
 ParOldGen       total 44032K, used 1811K [0x00000000c0000000, 0x00000000c2b00000, 0x00000000eab00000)
  object space 44032K, 4% used [0x00000000c0000000,0x00000000c01c4eb0,0x00000000c2b00000)
 Metaspace       used 5637K, capacity 6768K, committed 7040K, reserved 1056768K
  class space    used 578K, capacity 616K, committed 640K, reserved 1048576K
}

Deoptimization events (6 events):
Event: 14.446 Thread 0x000000005661e000 Uncommon trap: reason=class_check action=maybe_recompile pc=0x00000000029ac900 method=com.android.dx.rop.cst.CstMemberRef.compareTo0(Lcom/android/dx/rop/cst/Constant;)I @ 1
Event: 14.450 Thread 0x000000000015d800 Uncommon trap: reason=class_check action=maybe_recompile pc=0x00000000029ac900 method=com.android.dx.rop.cst.CstMemberRef.compareTo0(Lcom/android/dx/rop/cst/Constant;)I @ 1
Event: 14.450 Thread 0x000000000015d800 Uncommon trap: reason=class_check action=maybe_recompile pc=0x00000000029ac900 method=com.android.dx.rop.cst.CstMemberRef.compareTo0(Lcom/android/dx/rop/cst/Constant;)I @ 1
Event: 14.459 Thread 0x000000005661e000 Uncommon trap: reason=unstable_if action=reinterpret pc=0x0000000002a16f68 method=java.util.HashMap.getNode(ILjava/lang/Object;)Ljava/util/HashMap$Node; @ 62
Event: 14.520 Thread 0x000000005656e000 Uncommon trap: reason=class_check action=maybe_recompile pc=0x00000000029ac900 method=com.android.dx.rop.cst.CstMemberRef.compareTo0(Lcom/android/dx/rop/cst/Constant;)I @ 1
Event: 14.689 Thread 0x000000005661e000 Uncommon trap: reason=unstable_if action=reinterpret pc=0x00000000029a8c04 method=com.android.dx.rop.cst.CstFieldRef.compareTo0(Lcom/android/dx/rop/cst/Constant;)I @ 7

Internal exceptions (2 events):
Event: 3.143 Thread 0x000000000015d800 Exception <a 'java/lang/NoSuchMethodError': Method sun.misc.Unsafe.defineClass(Ljava/lang/String;[BII)Ljava/lang/Class; name or signature does not match> (0x00000000eab07cc0) thrown at [D:\re\workspace\8-2-build-windows-amd64-cygwin\jdk8u77\6540\hotspot\sr©ýQä$	@
Event: 3.143 Thread 0x000000000015d800 Exception <a 'java/lang/NoSuchMethodError': Method sun.misc.Unsafe.prefetchRead(Ljava/lang/Object;J)V name or signature does not match> (0x00000000eab07fa8) thrown at [D:\re\workspace\8-2-build-windows-amd64-cygwin\jdk8u77\6540\hotspot\src\share\vm\prims\j

Events (10 events):
Event: 14.523 loading class java/util/DualPivotQuicksort done
Event: 14.687 Executing VM operation: EnableBiasedLocking
Event: 14.687 Executing VM operation: EnableBiasedLocking done
Event: 14.689 Thread 0x000000005661e000 Uncommon trap: trap_request=0xffffff65 fr.pc=0x00000000029a8c04
Event: 14.689 Thread 0x000000005661e000 DEOPT PACKING pc=0x00000000029a8c04 sp=0x00000000571af0d0
Event: 14.689 Thread 0x000000005661e000 DEOPT UNPACKING pc=0x000000000283582a sp=0x00000000571af058 mode 2
Event: 14.765 loading class java/util/ArrayList$1
Event: 14.920 loading class java/util/ArrayList$1 done
Event: 14.950 Executing VM operation: ParallelGCFailedAllocation
Event: 15.185 Executing VM operation: ParallelGCFailedAllocation done


Dynamic libraries:
0x000000013fe10000 - 0x000000013fe47000 	C:\Program Files\Java\jdk1.8.0_77\bin\java.exe
0x0000000077540000 - 0x00000000776e9000 	C:\Windows\SYSTEM32\ntdll.dll
0x0000000077320000 - 0x000000007743f000 	C:\Windows\system32\kernel32.dll
0x000007fefd660000 - 0x000007fefd6cb000 	C:\Windows\system32\KERNELBASE.dll
0x000007fefeed0000 - 0x000007fefefab000 	C:\Windows\system32\ADVAPI32.dll
0x000007feff1c0000 - 0x000007feff25f000 	C:\Windows\system32\msvcrt.dll
0x000007fefda20000 - 0x000007fefda3f000 	C:\Windows\SYSTEM32\sechost.dll
0x000007feff260000 - 0x000007feff38d000 	C:\Windows\system32\RPCRT4.dll
0x0000000077440000 - 0x000000007753a000 	C:\Windows\system32\USER32.dll
0x000007fefebb0000 - 0x000007fefec17000 	C:\Windows\system32\GDI32.dll
0x000007fefd930000 - 0x000007fefd93e000 	C:\Windows\system32\LPK.dll
0x000007fefd860000 - 0x000007fefd929000 	C:\Windows\system32\USP10.dll
0x000007fefbbc0000 - 0x000007fefbdb4000 	C:\Windows\WinSxS\amd64_microsoft.windows.common-controls_6595b64144ccf1df_6.0.7601.17514_none_fa396087175ac9ac\COMCTL32.dll
0x000007feff430000 - 0x000007feff4a1000 	C:\Windows\system32\SHLWAPI.dll
0x000007fefee20000 - 0x000007fefee4e000 	C:\Windows\system32\IMM32.DLL
0x000007feff740000 - 0x000007feff849000 	C:\Windows\system32\MSCTF.dll
0x000000006bba0000 - 0x000000006bc72000 	C:\Program Files\Java\jdk1.8.0_77\jre\bin\msvcr100.dll
0x000000006c5e0000 - 0x000000006ce70000 	C:\Program Files\Java\jdk1.8.0_77\jre\bin\server\jvm.dll
0x000007fefbef0000 - 0x000007fefbef9000 	C:\Windows\system32\WSOCK32.dll
0x000007feff550000 - 0x000007feff59d000 	C:\Windows\system32\WS2_32.dll
0x000007feff5a0000 - 0x000007feff5a8000 	C:\Windows\system32\NSI.dll
0x000007fefb2b0000 - 0x000007fefb2eb000 	C:\Windows\system32\WINMM.dll
0x000007fefc5f0000 - 0x000007fefc5fc000 	C:\Windows\system32\VERSION.dll
0x0000000077700000 - 0x0000000077707000 	C:\Windows\system32\PSAPI.DLL
0x0000000073bc0000 - 0x0000000073bcf000 	C:\Program Files\Java\jdk1.8.0_77\jre\bin\verify.dll
0x0000000073b90000 - 0x0000000073bb9000 	C:\Program Files\Java\jdk1.8.0_77\jre\bin\java.dll
0x0000000073b70000 - 0x0000000073b86000 	C:\Program Files\Java\jdk1.8.0_77\jre\bin\zip.dll
0x000007fefdca0000 - 0x000007fefea28000 	C:\Windows\system32\SHELL32.dll
0x000007fefefb0000 - 0x000007feff1b3000 	C:\Windows\system32\ole32.dll
0x000007fefd490000 - 0x000007fefd49f000 	C:\Windows\system32\profapi.dll

VM Arguments:
jvm_args: -Djava.awt.headless=true -Xmx1024M -Dfile.encoding=windows-1256 -Duser.country=US -Duser.language=en -Duser.variant 
java_command: com.android.dx.command.Main --dex --force-jumbo --num-threads=4 --multi-dex --output C:\Users\Ahmed\Desktop\TeacherCalender\app\build\intermediates\transforms\dex\debug\folders\1000\5\slice_2 C:\Users\Ahmed\Desktop\TeacherCalender\app\build\intermediates\transforms\instantRunSlicer\debug\folders\1\5\slice_2
java_class_path (initial): C:\Users\Ahmed\AppData\Local\Android\sdk\build-tools\23.0.3\lib\dx.jar
Launcher Type: SUN_STANDARD

Environment Variables:
PATH=C:\Program Files\Java\jdk1.8.0_77\bin;C:\Program Files\Microsoft SQL Server\110\Tools\Binn\;C:\Program Files (x86)\Autodesk\Backburner\;C:\Program Files (x86)\Common Files\Autodesk Shared\
USERNAME=Ahmed
OS=Windows_NT
PROCESSOR_IDENTIFIER=Intel64 Family 6 Model 58 Stepping 9, GenuineIntel



---------------  S Y S T E M  ---------------

OS: Windows 7 , 64 bit Build 7601 (6.1.7601.17514)

CPU:total 4 (2 cores per cpu, 2 threads per core) family 6 model 58 stepping 9, cmov, cx8, fxsr, mmx, sse, sse2, sse3, ssse3, sse4.1, sse4.2, popcnt, avx, clmul, erms, ht, tsc, tscinvbit, tscinv

Memory: 4k page, physical 4083508k(86600k free), swap 6129664k(4740k free)

vm_info: Java HotSpot(TM) 64-Bit Server VM (25.77-b03) for windows-amd64 JRE (1.8.0_77-b03), built on Mar 20 2016 22:01:33 by "java_re" with MS VC++ 10.0 (VS2010)

time: Fri Nov 25 16:08:36 2016
elapsed time: 15 seconds (0d 0h 0m 15s)

