#
# There is insufficient memory for the Java Runtime Environment to continue.
# Native memory allocation (malloc) failed to allocate 1440496 bytes for Chunk::new
# Possible reasons:
#   The system is out of physical RAM or swap space
#   In 32 bit mode, the process size limit was hit
# Possible solutions:
#   Reduce memory load on the system
#   Increase physical memory or swap space
#   Check if swap backing store is full
#   Use 64 bit Java on a 64 bit OS
#   Decrease Java heap size (-Xmx/-Xms)
#   Decrease number of Java threads
#   Decrease Java thread stack sizes (-Xss)
#   Set larger code cache with -XX:ReservedCodeCacheSize=
# This output file may be truncated or incomplete.
#
#  Out of Memory Error (allocation.cpp:390), pid=5424, tid=6128
#
# JRE version: Java(TM) SE Runtime Environment (8.0_77-b03) (build 1.8.0_77-b03)
# Java VM: Java HotSpot(TM) 64-Bit Server VM (25.77-b03 mixed mode windows-amd64 compressed oops)
# Failed to write core dump. Minidumps are not enabled by default on client versions of Windows
#

---------------  T H R E A D  ---------------

Current thread (0x0000000056677000):  JavaThread "C2 CompilerThread0" daemon [_thread_in_native, id=6128, stack(0x0000000056cc0000,0x0000000056dc0000)]

Stack: [0x0000000056cc0000,0x0000000056dc0000]
[error occurred during error reporting (printing stack bounds), id 0xc0000005]

Native frames: (J=compiled Java code, j=interpreted, Vv=VM code, C=native code)


Current CompileTask:
C2:  17726 1943   !   4       com.android.dx.cf.cst.ConstantPoolParser::parse0 (731 bytes)


---------------  P R O C E S S  ---------------

Java Threads: ( => current thread )
  0x00000000569ff000 JavaThread "pool-2-thread-4" [_thread_blocked, id=1528, stack(0x0000000057ad0000,0x0000000057bd0000)]
  0x00000000569fc800 JavaThread "pool-2-thread-3" [_thread_blocked, id=5036, stack(0x0000000057900000,0x0000000057a00000)]
  0x00000000569fb000 JavaThread "pool-2-thread-2" [_thread_blocked, id=2436, stack(0x00000000575c0000,0x00000000576c0000)]
  0x00000000569e8800 JavaThread "pool-3-thread-1" [_thread_blocked, id=4236, stack(0x00000000576e0000,0x00000000577e0000)]
  0x00000000569e7800 JavaThread "pool-2-thread-1" [_thread_blocked, id=3168, stack(0x00000000574b0000,0x00000000575b0000)]
  0x00000000566de000 JavaThread "Service Thread" daemon [_thread_blocked, id=5948, stack(0x00000000571a0000,0x00000000572a0000)]
  0x000000005667a800 JavaThread "C1 CompilerThread2" daemon [_thread_blocked, id=4504, stack(0x0000000056fd0000,0x00000000570d0000)]
  0x0000000056679800 JavaThread "C2 CompilerThread1" daemon [_thread_in_native, id=5872, stack(0x0000000056e10000,0x0000000056f10000)]
=>0x0000000056677000 JavaThread "C2 CompilerThread0" daemon [_thread_in_native, id=6128, stack(0x0000000056cc0000,0x0000000056dc0000)]
  0x0000000056673000 JavaThread "Attach Listener" daemon [_thread_blocked, id=3040, stack(0x00000000563f0000,0x00000000564f0000)]
  0x00000000551d9800 JavaThread "Signal Dispatcher" daemon [_thread_blocked, id=5056, stack(0x0000000056b50000,0x0000000056c50000)]
  0x00000000551b9000 JavaThread "Finalizer" daemon [_thread_blocked, id=5728, stack(0x0000000056570000,0x0000000056670000)]
  0x0000000055172000 JavaThread "Reference Handler" daemon [_thread_blocked, id=4924, stack(0x00000000562d0000,0x00000000563d0000)]
  0x0000000001dee000 JavaThread "main" [_thread_in_native, id=3512, stack(0x0000000002410000,0x0000000002510000)]

Other Threads:
  0x000000005516a800 VMThread [stack: 0x00000000561d0000,0x00000000562d0000] [id=5964]
  0x0000000056727800 WatcherThread [stack: 0x0000000057310000,0x0000000057410000] [id=3592]

VM state:not at safepoint (normal execution)

VM Mutex/Monitor currently owned by a thread: None

Heap:
 PSYoungGen      total 71680K, used 28309K [0x00000000eab00000, 0x00000000efd00000, 0x0000000100000000)
  eden space 64000K, 32% used [0x00000000eab00000,0x00000000ebf292a0,0x00000000ee980000)
  from space 7680K, 99% used [0x00000000ef280000,0x00000000ef9fc420,0x00000000efa00000)
  to   space 9216K, 0% used [0x00000000ee980000,0x00000000ee980000,0x00000000ef280000)
 ParOldGen       total 44032K, used 12932K [0x00000000c0000000, 0x00000000c2b00000, 0x00000000eab00000)
  object space 44032K, 29% used [0x00000000c0000000,0x00000000c0ca13e0,0x00000000c2b00000)
 Metaspace       used 6344K, capacity 7158K, committed 7296K, reserved 1056768K
  class space    used 608K, capacity 622K, committed 640K, reserved 1048576K

Card table byte_map: [0x0000000011ba0000,0x0000000011db0000] byte_map_base: 0x00000000115a0000

Marking Bits: (ParMarkBitMap*) 0x000000006cdf0600
 Begin Bits: [0x00000000125e0000, 0x00000000135e0000)
 End Bits:   [0x00000000135e0000, 0x00000000145e0000)

Polling page: 0x0000000000150000

CodeCache: size=245760Kb used=7040Kb max_used=7054Kb free=238719Kb
 bounds [0x00000000027e0000, 0x0000000002ed0000, 0x00000000117e0000]
 total_blobs=2155 nmethods=1883 adapters=182
 compilation: enabled

Compilation events (10 events):
Event: 17.615 Thread 0x0000000056677000 nmethod 1930 0x0000000002ec43d0 code [0x0000000002ec4580, 0x0000000002ec5498]
Event: 17.615 Thread 0x0000000056677000 1941       4       com.android.dx.ssa.DeadCodeRemover::pruneDeadInstructions (246 bytes)
Event: 17.627 Thread 0x000000005667a800 1942       2       java.util.concurrent.locks.AbstractQueuedSynchronizer::unparkSuccessor (84 bytes)
Event: 17.627 Thread 0x000000005667a800 nmethod 1942 0x0000000002ec0e10 code [0x0000000002ec0f80, 0x0000000002ec11e8]
Event: 17.642 Thread 0x000000005667a800 1944       2       com.android.dx.dex.file.ClassDefItem::addDirectMethod (9 bytes)
Event: 17.642 Thread 0x000000005667a800 nmethod 1944 0x0000000002ec0690 code [0x0000000002ec0820, 0x0000000002ec0b58]
Event: 17.642 Thread 0x000000005667a800 1945       2       com.android.dx.dex.file.ClassDataItem::addDirectMethod (24 bytes)
Event: 17.643 Thread 0x000000005667a800 nmethod 1945 0x0000000002ebff50 code [0x0000000002ec00e0, 0x0000000002ec0418]
Event: 17.654 Thread 0x0000000056677000 nmethod 1941 0x0000000002ec8410 code [0x0000000002ec85e0, 0x0000000002ec92b8]
Event: 17.654 Thread 0x0000000056677000 1943   !   4       com.android.dx.cf.cst.ConstantPoolParser::parse0 (731 bytes)

GC Heap History (10 events):
Event: 15.740 GC heap before
{Heap before GC invocations=2 (full 0):
 PSYoungGen      total 18944K, used 18922K [0x00000000eab00000, 0x00000000ec000000, 0x0000000100000000)
  eden space 16384K, 100% used [0x00000000eab00000,0x00000000ebb00000,0x00000000ebb00000)
  from space 2560K, 99% used [0x00000000ebb00000,0x00000000ebd7aaa8,0x00000000ebd80000)
  to   space 2560K, 0% used [0x00000000ebd80000,0x00000000ebd80000,0x00000000ec000000)
 ParOldGen       total 44032K, used 928K [0x00000000c0000000, 0x00000000c2b00000, 0x00000000eab00000)
  object space 44032K, 2% used [0x00000000c0000000,0x00000000c00e83d8,0x00000000c2b00000)
 Metaspace       used 5899K, capacity 6774K, committed 7040K, reserved 1056768K
  class space    used 607K, capacity 622K, committed 640K, reserved 1048576K
Event: 15.750 GC heap after
Heap after GC invocations=2 (full 0):
 PSYoungGen      total 18944K, used 2551K [0x00000000eab00000, 0x00000000ed000000, 0x0000000100000000)
  eden space 16384K, 0% used [0x00000000eab00000,0x00000000eab00000,0x00000000ebb00000)
  from space 2560K, 99% used [0x00000000ebd80000,0x00000000ebffdc88,0x00000000ec000000)
  to   space 2560K, 0% used [0x00000000ebb00000,0x00000000ebb00000,0x00000000ebd80000)
 ParOldGen       total 44032K, used 2885K [0x00000000c0000000, 0x00000000c2b00000, 0x00000000eab00000)
  object space 44032K, 6% used [0x00000000c0000000,0x00000000c02d15b8,0x00000000c2b00000)
 Metaspace       used 5899K, capacity 6774K, committed 7040K, reserved 1056768K
  class space    used 607K, capacity 622K, committed 640K, reserved 1048576K
}
Event: 16.167 GC heap before
{Heap before GC invocations=3 (full 0):
 PSYoungGen      total 18944K, used 18935K [0x00000000eab00000, 0x00000000ed000000, 0x0000000100000000)
  eden space 16384K, 100% used [0x00000000eab00000,0x00000000ebb00000,0x00000000ebb00000)
  from space 2560K, 99% used [0x00000000ebd80000,0x00000000ebffdc88,0x00000000ec000000)
  to   space 2560K, 0% used [0x00000000ebb00000,0x00000000ebb00000,0x00000000ebd80000)
 ParOldGen       total 44032K, used 2885K [0x00000000c0000000, 0x00000000c2b00000, 0x00000000eab00000)
  object space 44032K, 6% used [0x00000000c0000000,0x00000000c02d15b8,0x00000000c2b00000)
 Metaspace       used 6092K, capacity 6966K, committed 7040K, reserved 1056768K
  class space    used 607K, capacity 622K, committed 640K, reserved 1048576K
Event: 16.189 GC heap after
Heap after GC invocations=3 (full 0):
 PSYoungGen      total 18944K, used 2555K [0x00000000eab00000, 0x00000000ed000000, 0x0000000100000000)
  eden space 16384K, 0% used [0x00000000eab00000,0x00000000eab00000,0x00000000ebb00000)
  from space 2560K, 99% used [0x00000000ebb00000,0x00000000ebd7ef48,0x00000000ebd80000)
  to   space 2560K, 0% used [0x00000000ecd80000,0x00000000ecd80000,0x00000000ed000000)
 ParOldGen       total 44032K, used 5189K [0x00000000c0000000, 0x00000000c2b00000, 0x00000000eab00000)
  object space 44032K, 11% used [0x00000000c0000000,0x00000000c0511508,0x00000000c2b00000)
 Metaspace       used 6092K, capacity 6966K, committed 7040K, reserved 1056768K
  class space    used 607K, capacity 622K, committed 640K, reserved 1048576K
}
Event: 16.562 GC heap before
{Heap before GC invocations=4 (full 0):
 PSYoungGen      total 18944K, used 18939K [0x00000000eab00000, 0x00000000ed000000, 0x0000000100000000)
  eden space 16384K, 100% used [0x00000000eab00000,0x00000000ebb00000,0x00000000ebb00000)
  from space 2560K, 99% used [0x00000000ebb00000,0x00000000ebd7ef48,0x00000000ebd80000)
  to   space 2560K, 0% used [0x00000000ecd80000,0x00000000ecd80000,0x00000000ed000000)
 ParOldGen       total 44032K, used 5189K [0x00000000c0000000, 0x00000000c2b00000, 0x00000000eab00000)
  object space 44032K, 11% used [0x00000000c0000000,0x00000000c0511508,0x00000000c2b00000)
 Metaspace       used 6202K, capacity 7030K, committed 7296K, reserved 1056768K
  class space    used 607K, capacity 622K, committed 640K, reserved 1048576K
Event: 16.579 GC heap after
Heap after GC invocations=4 (full 0):
 PSYoungGen      total 35328K, used 2552K [0x00000000eab00000, 0x00000000ed000000, 0x0000000100000000)
  eden space 32768K, 0% used [0x00000000eab00000,0x00000000eab00000,0x00000000ecb00000)
  from space 2560K, 99% used [0x00000000ecd80000,0x00000000ecffe108,0x00000000ed000000)
  to   space 2560K, 0% used [0x00000000ecb00000,0x00000000ecb00000,0x00000000ecd80000)
 ParOldGen       total 44032K, used 7850K [0x00000000c0000000, 0x00000000c2b00000, 0x00000000eab00000)
  object space 44032K, 17% used [0x00000000c0000000,0x00000000c07aa9c8,0x00000000c2b00000)
 Metaspace       used 6202K, capacity 7030K, committed 7296K, reserved 1056768K
  class space    used 607K, capacity 622K, committed 640K, reserved 1048576K
}
Event: 17.000 GC heap before
{Heap before GC invocations=5 (full 0):
 PSYoungGen      total 35328K, used 35320K [0x00000000eab00000, 0x00000000ed000000, 0x0000000100000000)
  eden space 32768K, 100% used [0x00000000eab00000,0x00000000ecb00000,0x00000000ecb00000)
  from space 2560K, 99% used [0x00000000ecd80000,0x00000000ecffe108,0x00000000ed000000)
  to   space 2560K, 0% used [0x00000000ecb00000,0x00000000ecb00000,0x00000000ecd80000)
 ParOldGen       total 44032K, used 7850K [0x00000000c0000000, 0x00000000c2b00000, 0x00000000eab00000)
  object space 44032K, 17% used [0x00000000c0000000,0x00000000c07aa9c8,0x00000000c2b00000)
 Metaspace       used 6288K, capacity 7094K, committed 7296K, reserved 1056768K
  class space    used 607K, capacity 622K, committed 640K, reserved 1048576K
Event: 17.022 GC heap after
Heap after GC invocations=5 (full 0):
 PSYoungGen      total 35328K, used 2550K [0x00000000eab00000, 0x00000000efa00000, 0x0000000100000000)
  eden space 32768K, 0% used [0x00000000eab00000,0x00000000eab00000,0x00000000ecb00000)
  from space 2560K, 99% used [0x00000000ecb00000,0x00000000ecd7d9a0,0x00000000ecd80000)
  to   space 7680K, 0% used [0x00000000ef280000,0x00000000ef280000,0x00000000efa00000)
 ParOldGen       total 44032K, used 12711K [0x00000000c0000000, 0x00000000c2b00000, 0x00000000eab00000)
  object space 44032K, 28% used [0x00000000c0000000,0x00000000c0c69d08,0x00000000c2b00000)
 Metaspace       used 6288K, capacity 7094K, committed 7296K, reserved 1056768K
  class space    used 607K, capacity 622K, committed 640K, reserved 1048576K
}
Event: 17.476 GC heap before
{Heap before GC invocations=6 (full 0):
 PSYoungGen      total 35328K, used 35318K [0x00000000eab00000, 0x00000000efa00000, 0x0000000100000000)
  eden space 32768K, 100% used [0x00000000eab00000,0x00000000ecb00000,0x00000000ecb00000)
  from space 2560K, 99% used [0x00000000ecb00000,0x00000000ecd7d9a0,0x00000000ecd80000)
  to   space 7680K, 0% used [0x00000000ef280000,0x00000000ef280000,0x00000000efa00000)
 ParOldGen       total 44032K, used 12711K [0x00000000c0000000, 0x00000000c2b00000, 0x00000000eab00000)
  object space 44032K, 28% used [0x00000000c0000000,0x00000000c0c69d08,0x00000000c2b00000)
 Metaspace       used 6338K, capacity 7158K, committed 7296K, reserved 1056768K
  class space    used 608K, capacity 622K, committed 640K, reserved 1048576K
Event: 17.500 GC heap after
Heap after GC invocations=6 (full 0):
 PSYoungGen      total 71680K, used 7665K [0x00000000eab00000, 0x00000000efd00000, 0x0000000100000000)
  eden space 64000K, 0% used [0x00000000eab00000,0x00000000eab00000,0x00000000ee980000)
  from space 7680K, 99% used [0x00000000ef280000,0x00000000ef9fc420,0x00000000efa00000)
  to   space 9216K, 0% used [0x00000000ee980000,0x00000000ee980000,0x00000000ef280000)
 ParOldGen       total 44032K, used 12932K [0x00000000c0000000, 0x00000000c2b00000, 0x00000000eab00000)
  object space 44032K, 29% used [0x00000000c0000000,0x00000000c0ca13e0,0x00000000c2b00000)
 Metaspace       used 6338K, capacity 7158K, committed 7296K, reserved 1056768K
  class space    used 608K, capacity 622K, committed 640K, reserved 1048576K
}

Deoptimization events (10 events):
Event: 12.863 Thread 0x0000000001dee000 Uncommon trap: reason=unstable_if action=reinterpret pc=0x0000000002935884 method=java.lang.String.compareTo(Ljava/lang/String;)I @ 38
Event: 14.518 Thread 0x00000000569fb000 Uncommon trap: reason=unstable_if action=reinterpret pc=0x00000000029f7030 method=java.util.HashMap.getNode(ILjava/lang/Object;)Ljava/util/HashMap$Node; @ 62
Event: 16.117 Thread 0x00000000569fb000 Uncommon trap: reason=unstable_if action=reinterpret pc=0x0000000002ba8a44 method=com.android.dx.rop.cst.Constant.compareTo(Lcom/android/dx/rop/cst/Constant;)I @ 12
Event: 16.605 Thread 0x00000000569ff000 Uncommon trap: reason=uninitialized action=reinterpret pc=0x0000000002b561d4 method=com.android.dx.cf.code.BytecodeArray.parseInstruction(ILcom/android/dx/cf/code/BytecodeArray$Visitor;)I @ 999
Event: 16.672 Thread 0x0000000001dee000 Uncommon trap: reason=unstable_if action=reinterpret pc=0x0000000002a64168 method=com.android.dx.rop.cst.StdConstantPool.set(ILcom/android/dx/rop/cst/Constant;)V @ 12
Event: 16.921 Thread 0x00000000569fb000 Uncommon trap: reason=unstable_if action=reinterpret pc=0x0000000002d14f40 method=com.android.dx.ssa.SCCP.simulateStmt(Lcom/android/dx/ssa/SsaInsn;)V @ 53
Event: 16.995 Thread 0x00000000569e7800 Uncommon trap: reason=unstable_if action=reinterpret pc=0x0000000002ccc52c method=com.android.dx.util.IntList.binarysearch(I)I @ 105
Event: 17.208 Thread 0x00000000569e7800 Uncommon trap: reason=unstable_if action=reinterpret pc=0x0000000002cdaff0 method=com.android.dx.ssa.SCCP.simulateBranch(Lcom/android/dx/ssa/SsaInsn;)V @ 64
Event: 17.209 Thread 0x00000000569e7800 Uncommon trap: reason=unstable_if action=reinterpret pc=0x0000000002deffbc method=com.android.dx.ssa.LiteralOpUpgrader$1.visitNonMoveInsn(Lcom/android/dx/ssa/NormalSsaInsn;)V @ 55
Event: 17.209 Thread 0x00000000569e7800 Uncommon trap: reason=unstable_if action=reinterpret pc=0x0000000002beb04c method=com.android.dx.ssa.SsaMethod.updateOneDefinition(Lcom/android/dx/ssa/SsaInsn;Lcom/android/dx/rop/code/RegisterSpec;)V @ 4

Internal exceptions (2 events):
Event: 3.141 Thread 0x0000000001dee000 Exception <a 'java/lang/NoSuchMethodError': Method sun.misc.Unsafe.defineClass(Ljava/lang/String;[BII)Ljava/lang/Class; name or signature does not match> (0x00000000eab07cc0) thrown at [D:\re\workspace\8-2-build-windows-amd64-cygwin\jdk8u77\6540\hotspot\sr¶7î¬6!	@
Event: 3.141 Thread 0x0000000001dee000 Exception <a 'java/lang/NoSuchMethodError': Method sun.misc.Unsafe.prefetchRead(Ljava/lang/Object;J)V name or signature does not match> (0x00000000eab07fa8) thrown at [D:\re\workspace\8-2-build-windows-amd64-cygwin\jdk8u77\6540\hotspot\src\share\vm\prims\j

Events (10 events):
Event: 17.343 Thread 0x00000000569e7800 DEOPT PACKING pc=0x0000000002e29822 sp=0x00000000575ae670
Event: 17.343 Thread 0x00000000569e7800 DEOPT UNPACKING pc=0x000000000282787f sp=0x00000000575ae430 mode 0
Event: 17.349 Thread 0x00000000569e7800 DEOPT PACKING pc=0x0000000002be844a sp=0x00000000575ae8c0
Event: 17.349 Thread 0x00000000569e7800 DEOPT UNPACKING pc=0x000000000282787f sp=0x00000000575ae688 mode 0
Event: 17.371 Thread 0x00000000569e7800 DEOPT PACKING pc=0x0000000002bd9f45 sp=0x00000000575ae810
Event: 17.371 Thread 0x00000000569e7800 DEOPT UNPACKING pc=0x000000000282787f sp=0x00000000575ae540 mode 0
Event: 17.407 Thread 0x00000000569ff000 DEOPT PACKING pc=0x0000000002baa5dc sp=0x0000000057bceef0
Event: 17.407 Thread 0x00000000569ff000 DEOPT UNPACKING pc=0x000000000282787f sp=0x0000000057bcec48 mode 0
Event: 17.476 Executing VM operation: ParallelGCFailedAllocation
Event: 17.500 Executing VM operation: ParallelGCFailedAllocation done


Dynamic libraries:
0x000000013fe10000 - 0x000000013fe47000 	C:\Program Files\Java\jdk1.8.0_77\bin\java.exe
0x0000000077540000 - 0x00000000776e9000 	C:\Windows\SYSTEM32\ntdll.dll
0x0000000077320000 - 0x000000007743f000 	C:\Windows\system32\kernel32.dll
0x000007fefd660000 - 0x000007fefd6cb000 	C:\Windows\system32\KERNELBASE.dll
0x000007fefeed0000 - 0x000007fefefab000 	C:\Windows\system32\ADVAPI32.dll
0x000007feff1c0000 - 0x000007feff25f000 	C:\Windows\system32\msvcrt.dll
0x000007fefda20000 - 0x000007fefda3f000 	C:\Windows\SYSTEM32\sechost.dll
0x000007feff260000 - 0x000007feff38d000 	C:\Windows\system32\RPCRT4.dll
0x0000000077440000 - 0x000000007753a000 	C:\Windows\system32\USER32.dll
0x000007fefebb0000 - 0x000007fefec17000 	C:\Windows\system32\GDI32.dll
0x000007fefd930000 - 0x000007fefd93e000 	C:\Windows\system32\LPK.dll
0x000007fefd860000 - 0x000007fefd929000 	C:\Windows\system32\USP10.dll
0x000007fefbbc0000 - 0x000007fefbdb4000 	C:\Windows\WinSxS\amd64_microsoft.windows.common-controls_6595b64144ccf1df_6.0.7601.17514_none_fa396087175ac9ac\COMCTL32.dll
0x000007feff430000 - 0x000007feff4a1000 	C:\Windows\system32\SHLWAPI.dll
0x000007fefee20000 - 0x000007fefee4e000 	C:\Windows\system32\IMM32.DLL
0x000007feff740000 - 0x000007feff849000 	C:\Windows\system32\MSCTF.dll
0x000000006bba0000 - 0x000000006bc72000 	C:\Program Files\Java\jdk1.8.0_77\jre\bin\msvcr100.dll
0x000000006c5e0000 - 0x000000006ce70000 	C:\Program Files\Java\jdk1.8.0_77\jre\bin\server\jvm.dll
0x000007fefbef0000 - 0x000007fefbef9000 	C:\Windows\system32\WSOCK32.dll
0x000007feff550000 - 0x000007feff59d000 	C:\Windows\system32\WS2_32.dll
0x000007feff5a0000 - 0x000007feff5a8000 	C:\Windows\system32\NSI.dll
0x000007fefb2b0000 - 0x000007fefb2eb000 	C:\Windows\system32\WINMM.dll
0x000007fefc5f0000 - 0x000007fefc5fc000 	C:\Windows\system32\VERSION.dll
0x0000000077700000 - 0x0000000077707000 	C:\Windows\system32\PSAPI.DLL
0x0000000073bc0000 - 0x0000000073bcf000 	C:\Program Files\Java\jdk1.8.0_77\jre\bin\verify.dll
0x0000000073b90000 - 0x0000000073bb9000 	C:\Program Files\Java\jdk1.8.0_77\jre\bin\java.dll
0x0000000073b70000 - 0x0000000073b86000 	C:\Program Files\Java\jdk1.8.0_77\jre\bin\zip.dll
0x000007fefdca0000 - 0x000007fefea28000 	C:\Windows\system32\SHELL32.dll
0x000007fefefb0000 - 0x000007feff1b3000 	C:\Windows\system32\ole32.dll
0x000007fefd490000 - 0x000007fefd49f000 	C:\Windows\system32\profapi.dll

VM Arguments:
jvm_args: -Djava.awt.headless=true -Xmx1024M -Dfile.encoding=windows-1256 -Duser.country=US -Duser.language=en -Duser.variant 
java_command: com.android.dx.command.Main --dex --force-jumbo --num-threads=4 --multi-dex --output C:\Users\Ahmed\Desktop\TeacherCalender\app\build\intermediates\transforms\dex\debug\folders\1000\10\com.android.support-appcompat-v7-23.3.0_673dd7020b3cd7b18a7b2754aa15e3d52de05734 C:\Users\Ahmed\Desktop\TeacherCalender\app\build\intermediates\exploded-aar\com.android.support\appcompat-v7\23.3.0\jars\classes.jar
java_class_path (initial): C:\Users\Ahmed\AppData\Local\Android\sdk\build-tools\23.0.3\lib\dx.jar
Launcher Type: SUN_STANDARD

Environment Variables:
PATH=C:\Program Files\Java\jdk1.8.0_77\bin;C:\Program Files\Microsoft SQL Server\110\Tools\Binn\;C:\Program Files (x86)\Autodesk\Backburner\;C:\Program Files (x86)\Common Files\Autodesk Shared\
USERNAME=Ahmed
OS=Windows_NT
PROCESSOR_IDENTIFIER=Intel64 Family 6 Model 58 Stepping 9, GenuineIntel



---------------  S Y S T E M  ---------------

OS: Windows 7 , 64 bit Build 7601 (6.1.7601.17514)

CPU:total 4 (2 cores per cpu, 2 threads per core) family 6 model 58 stepping 9, cmov, cx8, fxsr, mmx, sse, sse2, sse3, ssse3, sse4.1, sse4.2, popcnt, avx, clmul, erms, ht, tsc, tscinvbit, tscinv

Memory: 4k page, physical 4083508k(101812k free), swap 6129664k(6480k free)

vm_info: Java HotSpot(TM) 64-Bit Server VM (25.77-b03) for windows-amd64 JRE (1.8.0_77-b03), built on Mar 20 2016 22:01:33 by "java_re" with MS VC++ 10.0 (VS2010)

time: Fri Nov 25 16:08:38 2016
elapsed time: 17 seconds (0d 0h 0m 17s)

