#
# A fatal error has been detected by the Java Runtime Environment:
#
#  EXCEPTION_ACCESS_VIOLATION (0xc0000005) at pc=0x000000006c7f1c17, pid=4940, tid=2600
#
# JRE version: Java(TM) SE Runtime Environment (8.0_77-b03) (build 1.8.0_77-b03)
# Java VM: Java HotSpot(TM) 64-Bit Server VM (25.77-b03 mixed mode windows-amd64 compressed oops)
# Problematic frame:
# V  [jvm.dll+0x211c17]
#
# Failed to write core dump. Minidumps are not enabled by default on client versions of Windows
#
# If you would like to submit a bug report, please visit:
#   http://bugreport.java.com/bugreport/crash.jsp
#

---------------  T H R E A D  ---------------

Current thread (0x00000000567c5000):  JavaThread "pool-1-thread-1" [_thread_in_vm, id=2600, stack(0x0000000056e60000,0x0000000056f60000)]

siginfo: ExceptionCode=0xc0000005, writing address 0x0000000056f545f0

Registers:
RAX=0x0000000056f545f0, RBX=0x0000000000000007, RCX=0x0000000000006000, RDX=0x0000000000000019
RSP=0x0000000056f5a5f0, RBP=0x0000000000000000, RSI=0x0000000056f5a5f0, RDI=0x0000000000000007
R8 =0x0000000000000019, R9 =0x0000000056811530, R10=0x0000000054920590, R11=0x0000000056e6a148
R12=0x0000000056811530, R13=0x00000000567c5000, R14=0x0000000056f5a6b8, R15=0x0000000054920590
RIP=0x000000006c7f1c17, EFLAGS=0x0000000000010206

Top of Stack: (sp=0x0000000056f5a5f0)
0x0000000056f5a5f0:   000000006bc537e0 0000000002282690
0x0000000056f5a600:   00000000567c5000 0000000056811530
0x0000000056f5a610:   00000000ffffffff 000000006c7f2b47
0x0000000056f5a620:   0000000056f5a720 0000000054920590
0x0000000056f5a630:   00000000567c5000 000000005495cf01
0x0000000056f5a640:   000000005510b610 0000000054920768
0x0000000056f5a650:   0000000000000000 00000000549c1f58
0x0000000056f5a660:   0000000054920590 00000000567c5000
0x0000000056f5a670:   00000000027510c0 56c809a5a502a2da
0x0000000056f5a680:   64ba17d4a949aa5e 8a366e37612dd26f
0x0000000056f5a690:   521fb41f83ff13fe f6bf1ffe54989888
0x0000000056f5a6a0:   9210249c0966f738 0000000054920590
0x0000000056f5a6b0:   00000000567c5000 00000000566a38c0
0x0000000056f5a6c0:   8aa9f04f8a9cc1dc 2c54163c548a2ca0
0x0000000056f5a6d0:   0000000056f5a878 e41840f0548a2cc0
0x0000000056f5a6e0:   7c558a8ac420aac5 a1e388cac26b562e 

Instructions: (pc=0x000000006c7f1c17)
0x000000006c7f1bf7:   48 89 6c 24 30 33 ed 66 90 e8 4b 36 08 00 ff c3
0x000000006c7f1c07:   48 63 c8 48 8b c6 48 0f af cf 48 ff c7 48 2b c1
0x000000006c7f1c17:   89 28 48 63 c3 48 3b 05 6d aa 58 00 7e db 48 8b
0x000000006c7f1c27:   6c 24 30 48 8b 5c 24 38 48 8b 74 24 40 48 83 c4 


Register to memory mapping:

RAX=0x0000000056f545f0 is pointing into the stack for thread: 0x00000000567c5000
RBX=0x0000000000000007 is an unknown value
RCX=0x0000000000006000 is an unknown value
RDX=0x0000000000000019 is an unknown value
RSP=0x0000000056f5a5f0 is pointing into the stack for thread: 0x00000000567c5000
RBP=0x0000000000000000 is an unknown value
RSI=0x0000000056f5a5f0 is pointing into the stack for thread: 0x00000000567c5000
RDI=0x0000000000000007 is an unknown value
R8 =0x0000000000000019 is an unknown value
R9 =0x0000000056811530 is an unknown value
R10={method} {0x0000000054920598} 'run' '()Ljava/lang/Object;' in 'java/net/URLClassLoader$1'
R11=0x0000000056e6a148 is pointing into the stack for thread: 0x00000000567c5000
R12=0x0000000056811530 is an unknown value
R13=0x00000000567c5000 is a thread
R14=0x0000000056f5a6b8 is pointing into the stack for thread: 0x00000000567c5000
R15={method} {0x0000000054920598} 'run' '()Ljava/lang/Object;' in 'java/net/URLClassLoader$1'


Stack: [0x0000000056e60000,0x0000000056f60000],  sp=0x0000000056f5a5f0,  free space=1001k
Native frames: (J=compiled Java code, j=interpreted, Vv=VM code, C=native code)

Java frames: (J=compiled Java code, j=interpreted, Vv=VM code)
j  java.security.AccessController.doPrivileged(Ljava/security/PrivilegedExceptionAction;Ljava/security/AccessControlContext;)Ljava/lang/Object;+0
j  java.net.URLClassLoader.findClass(Ljava/lang/String;)Ljava/lang/Class;+13
J 102 C1 java.lang.ClassLoader.loadClass(Ljava/lang/String;Z)Ljava/lang/Class; (122 bytes) @ 0x000000000287678c [0x0000000002875e40+0x94c]
J 102 C1 java.lang.ClassLoader.loadClass(Ljava/lang/String;Z)Ljava/lang/Class; (122 bytes) @ 0x000000000287652c [0x0000000002875e40+0x6ec]
j  sun.misc.Launcher$AppClassLoader.loadClass(Ljava/lang/String;Z)Ljava/lang/Class;+81
j  java.lang.ClassLoader.loadClass(Ljava/lang/String;)Ljava/lang/Class;+3
v  ~StubRoutines::call_stub
j  java.lang.ClassLoader.defineClass1(Ljava/lang/String;[BIILjava/security/ProtectionDomain;Ljava/lang/String;)Ljava/lang/Class;+0
j  java.lang.ClassLoader.defineClass(Ljava/lang/String;[BIILjava/security/ProtectionDomain;)Ljava/lang/Class;+27
j  java.security.SecureClassLoader.defineClass(Ljava/lang/String;[BIILjava/security/CodeSource;)Ljava/lang/Class;+12
j  java.net.URLClassLoader.defineClass(Ljava/lang/String;Lsun/misc/Resource;)Ljava/lang/Class;+138
j  java.net.URLClassLoader.access$100(Ljava/net/URLClassLoader;Ljava/lang/String;Lsun/misc/Resource;)Ljava/lang/Class;+3
j  java.net.URLClassLoader$1.run()Ljava/lang/Class;+43
j  java.net.URLClassLoader$1.run()Ljava/lang/Object;+1
v  ~StubRoutines::call_stub
j  java.security.AccessController.doPrivileged(Ljava/security/PrivilegedExceptionAction;Ljava/security/AccessControlContext;)Ljava/lang/Object;+0
j  java.net.URLClassLoader.findClass(Ljava/lang/String;)Ljava/lang/Class;+13
J 102 C1 java.lang.ClassLoader.loadClass(Ljava/lang/String;Z)Ljava/lang/Class; (122 bytes) @ 0x000000000287678c [0x0000000002875e40+0x94c]
j  sun.misc.Launcher$AppClassLoader.loadClass(Ljava/lang/String;Z)Ljava/lang/Class;+81
j  java.lang.ClassLoader.loadClass(Ljava/lang/String;)Ljava/lang/Class;+3
v  ~StubRoutines::call_stub
j  com.android.dx.dex.file.TypeIdsSection.intern(Lcom/android/dx/rop/cst/CstType;)Lcom/android/dx/dex/file/TypeIdItem;+39
j  com.android.dx.dex.file.ClassDefItem.addContents(Lcom/android/dx/dex/file/DexFile;)V+33
j  com.android.dx.dex.file.UniformItemSection.prepare0()V+40
j  com.android.dx.dex.file.Section.prepare()V+5
j  com.android.dx.dex.file.DexFile.toDex0(ZZ)Lcom/android/dx/util/ByteArrayAnnotatedOutput;+4
j  com.android.dx.dex.file.DexFile.toDex(Ljava/io/Writer;Z)[B+13
j  com.android.dx.command.dexer.Main.writeDex(Lcom/android/dx/dex/file/DexFile;)[B+44
j  com.android.dx.command.dexer.Main.access$3000(Lcom/android/dx/dex/file/DexFile;)[B+1
j  com.android.dx.command.dexer.Main$DexWriter.call()[B+4
j  com.android.dx.command.dexer.Main$DexWriter.call()Ljava/lang/Object;+1
j  java.util.concurrent.FutureTask.run()V+42
j  java.util.concurrent.ThreadPoolExecutor.runWorker(Ljava/util/concurrent/ThreadPoolExecutor$Worker;)V+95
j  java.util.concurrent.ThreadPoolExecutor$Worker.run()V+5
j  java.lang.Thread.run()V+11
v  ~StubRoutines::call_stub

---------------  P R O C E S S  ---------------

Java Threads: ( => current thread )
=>0x00000000567c5000 JavaThread "pool-1-thread-1" [_thread_in_vm, id=2600, stack(0x0000000056e60000,0x0000000056f60000)]
  0x00000000565be800 JavaThread "Service Thread" daemon [_thread_blocked, id=5348, stack(0x0000000056fb0000,0x00000000570b0000)]
  0x00000000565ba000 JavaThread "C1 CompilerThread2" daemon [_thread_blocked, id=5272, stack(0x0000000056d10000,0x0000000056e10000)]
  0x00000000565b9000 JavaThread "C2 CompilerThread1" daemon [_thread_blocked, id=2024, stack(0x0000000056340000,0x0000000056440000)]
  0x00000000565b7000 JavaThread "C2 CompilerThread0" daemon [_thread_blocked, id=2724, stack(0x0000000056bb0000,0x0000000056cb0000)]
  0x00000000565b2800 JavaThread "Attach Listener" daemon [_thread_blocked, id=4088, stack(0x0000000056020000,0x0000000056120000)]
  0x0000000055109000 JavaThread "Signal Dispatcher" daemon [_thread_blocked, id=5852, stack(0x0000000056a30000,0x0000000056b30000)]
  0x00000000550e9000 JavaThread "Finalizer" daemon [_thread_blocked, id=5432, stack(0x00000000564b0000,0x00000000565b0000)]
  0x00000000550a2000 JavaThread "Reference Handler" daemon [_thread_blocked, id=5220, stack(0x0000000056220000,0x0000000056320000)]
  0x000000000228d800 JavaThread "main" [_thread_blocked, id=4212, stack(0x0000000002370000,0x0000000002470000)]

Other Threads:
  0x000000005509a000 VMThread [stack: 0x0000000056120000,0x0000000056220000] [id=5468]
  0x00000000566a3000 WatcherThread [stack: 0x00000000571d0000,0x00000000572d0000] [id=2644]

VM state:not at safepoint (normal execution)

VM Mutex/Monitor currently owned by a thread: None

Heap:
 PSYoungGen      total 18944K, used 4000K [0x00000000eab00000, 0x00000000ec000000, 0x0000000100000000)
  eden space 16384K, 24% used [0x00000000eab00000,0x00000000eaee81b8,0x00000000ebb00000)
  from space 2560K, 0% used [0x00000000ebd80000,0x00000000ebd80000,0x00000000ec000000)
  to   space 2560K, 0% used [0x00000000ebb00000,0x00000000ebb00000,0x00000000ebd80000)
 ParOldGen       total 44032K, used 0K [0x00000000c0000000, 0x00000000c2b00000, 0x00000000eab00000)
  object space 44032K, 0% used [0x00000000c0000000,0x00000000c0000000,0x00000000c2b00000)
 Metaspace       used 3711K, capacity 5072K, committed 5376K, reserved 1056768K
  class space    used 420K, capacity 456K, committed 512K, reserved 1048576K

Card table byte_map: [0x0000000011b00000,0x0000000011d10000] byte_map_base: 0x0000000011500000

Marking Bits: (ParMarkBitMap*) 0x000000006cdf0600
 Begin Bits: [0x0000000012510000, 0x0000000013510000)
 End Bits:   [0x0000000013510000, 0x0000000014510000)

Polling page: 0x0000000000140000

CodeCache: size=245760Kb used=1291Kb max_used=1301Kb free=244468Kb
 bounds [0x0000000002740000, 0x00000000029b0000, 0x0000000011740000]
 total_blobs=371 nmethods=125 adapters=159
 compilation: enabled

Compilation events (10 events):
Event: 3.422 Thread 0x00000000565ba000  120       3       java.util.BitSet::checkInvariants (111 bytes)
Event: 3.423 Thread 0x00000000565ba000 nmethod 120 0x00000000028813d0 code [0x0000000002881520, 0x00000000028816b0]
Event: 3.585 Thread 0x00000000565b7000  122       4       java.lang.String::startsWith (7 bytes)
Event: 3.587 Thread 0x00000000565ba000  123   !   3       java.lang.ref.ReferenceQueue::poll (28 bytes)
Event: 3.587 Thread 0x00000000565ba000 nmethod 123 0x0000000002880a50 code [0x0000000002880bc0, 0x0000000002880f28]
Event: 3.587 Thread 0x00000000565ba000  124  s    3       java.lang.StringBuffer::append (13 bytes)
Event: 3.587 Thread 0x00000000565ba000 nmethod 124 0x0000000002880510 code [0x0000000002880680, 0x0000000002880988]
Event: 3.588 Thread 0x00000000565b7000 nmethod 122 0x00000000028800d0 code [0x0000000002880220, 0x0000000002880398]
Event: 6.939 Thread 0x00000000565ba000  125       3       java.lang.String::indexOf (25 bytes)
Event: 6.940 Thread 0x00000000565ba000 nmethod 125 0x0000000002885a10 code [0x0000000002885b80, 0x0000000002885d28]

GC Heap History (0 events):
No events

Deoptimization events (0 events):
No events

Internal exceptions (2 events):
Event: 0.417 Thread 0x000000000228d800 Exception <a 'java/lang/NoSuchMethodError': Method sun.misc.Unsafe.defineClass(Ljava/lang/String;[BII)Ljava/lang/Class; name or signature does not match> (0x00000000eab07cc0) thrown at [D:\re\workspace\8-2-build-windows-amd64-cygwin\jdk8u77\6540\hotspot\sr³áüÙ·«Ú?
Event: 0.417 Thread 0x000000000228d800 Exception <a 'java/lang/NoSuchMethodError': Method sun.misc.Unsafe.prefetchRead(Ljava/lang/Object;J)V name or signature does not match> (0x00000000eab07fa8) thrown at [D:\re\workspace\8-2-build-windows-amd64-cygwin\jdk8u77\6540\hotspot\src\share\vm\prims\j

Events (10 events):
Event: 3.827 loading class java/util/TreeMap$KeyIterator
Event: 3.827 loading class java/util/TreeMap$PrivateEntryIterator
Event: 3.827 loading class java/util/TreeMap$PrivateEntryIterator done
Event: 3.827 loading class java/util/TreeMap$KeyIterator done
Event: 3.827 loading class com/android/dx/dex/file/TypeIdItem
Event: 3.827 loading class com/android/dx/dex/file/TypeIdItem done
Event: 6.938 Executing VM operation: EnableBiasedLocking
Event: 6.939 Executing VM operation: EnableBiasedLocking done
Event: 6.940 loading class com/android/dx/dex/file/IdItem
Event: 6.940 loading class com/android/dx/dex/file/IdItem done


Dynamic libraries:
0x000000013fe10000 - 0x000000013fe47000 	C:\Program Files\Java\jdk1.8.0_77\bin\java.exe
0x0000000077540000 - 0x00000000776e9000 	C:\Windows\SYSTEM32\ntdll.dll
0x0000000077320000 - 0x000000007743f000 	C:\Windows\system32\kernel32.dll
0x000007fefd660000 - 0x000007fefd6cb000 	C:\Windows\system32\KERNELBASE.dll
0x000007fefeed0000 - 0x000007fefefab000 	C:\Windows\system32\ADVAPI32.dll
0x000007feff1c0000 - 0x000007feff25f000 	C:\Windows\system32\msvcrt.dll
0x000007fefda20000 - 0x000007fefda3f000 	C:\Windows\SYSTEM32\sechost.dll
0x000007feff260000 - 0x000007feff38d000 	C:\Windows\system32\RPCRT4.dll
0x0000000077440000 - 0x000000007753a000 	C:\Windows\system32\USER32.dll
0x000007fefebb0000 - 0x000007fefec17000 	C:\Windows\system32\GDI32.dll
0x000007fefd930000 - 0x000007fefd93e000 	C:\Windows\system32\LPK.dll
0x000007fefd860000 - 0x000007fefd929000 	C:\Windows\system32\USP10.dll
0x000007fefbbc0000 - 0x000007fefbdb4000 	C:\Windows\WinSxS\amd64_microsoft.windows.common-controls_6595b64144ccf1df_6.0.7601.17514_none_fa396087175ac9ac\COMCTL32.dll
0x000007feff430000 - 0x000007feff4a1000 	C:\Windows\system32\SHLWAPI.dll
0x000007fefee20000 - 0x000007fefee4e000 	C:\Windows\system32\IMM32.DLL
0x000007feff740000 - 0x000007feff849000 	C:\Windows\system32\MSCTF.dll
0x000000006bba0000 - 0x000000006bc72000 	C:\Program Files\Java\jdk1.8.0_77\jre\bin\msvcr100.dll
0x000000006c5e0000 - 0x000000006ce70000 	C:\Program Files\Java\jdk1.8.0_77\jre\bin\server\jvm.dll
0x000007fefbef0000 - 0x000007fefbef9000 	C:\Windows\system32\WSOCK32.dll
0x000007feff550000 - 0x000007feff59d000 	C:\Windows\system32\WS2_32.dll
0x000007feff5a0000 - 0x000007feff5a8000 	C:\Windows\system32\NSI.dll
0x000007fefb2b0000 - 0x000007fefb2eb000 	C:\Windows\system32\WINMM.dll
0x000007fefc5f0000 - 0x000007fefc5fc000 	C:\Windows\system32\VERSION.dll
0x0000000077700000 - 0x0000000077707000 	C:\Windows\system32\PSAPI.DLL
0x0000000073bc0000 - 0x0000000073bcf000 	C:\Program Files\Java\jdk1.8.0_77\jre\bin\verify.dll
0x0000000073b90000 - 0x0000000073bb9000 	C:\Program Files\Java\jdk1.8.0_77\jre\bin\java.dll
0x0000000073b70000 - 0x0000000073b86000 	C:\Program Files\Java\jdk1.8.0_77\jre\bin\zip.dll
0x000007fefdca0000 - 0x000007fefea28000 	C:\Windows\system32\SHELL32.dll
0x000007fefefb0000 - 0x000007feff1b3000 	C:\Windows\system32\ole32.dll
0x000007fefd490000 - 0x000007fefd49f000 	C:\Windows\system32\profapi.dll
0x000007fef9970000 - 0x000007fef9a95000 	C:\Windows\system32\dbghelp.dll

VM Arguments:
jvm_args: -Djava.awt.headless=true -Xmx1024M -Dfile.encoding=windows-1256 -Duser.country=US -Duser.language=en -Duser.variant 
java_command: com.android.dx.command.Main --dex --force-jumbo --num-threads=4 --multi-dex --output C:\Users\Ahmed\Desktop\TeacherCalender\app\build\intermediates\transforms\dex\debug\folders\1000\5\slice_9 C:\Users\Ahmed\Desktop\TeacherCalender\app\build\intermediates\transforms\instantRunSlicer\debug\folders\1\5\slice_9
java_class_path (initial): C:\Users\Ahmed\AppData\Local\Android\sdk\build-tools\23.0.3\lib\dx.jar
Launcher Type: SUN_STANDARD

Environment Variables:
PATH=C:\Program Files\Java\jdk1.8.0_77\bin;C:\Program Files\Microsoft SQL Server\110\Tools\Binn\;C:\Program Files (x86)\Autodesk\Backburner\;C:\Program Files (x86)\Common Files\Autodesk Shared\
USERNAME=Ahmed
OS=Windows_NT
PROCESSOR_IDENTIFIER=Intel64 Family 6 Model 58 Stepping 9, GenuineIntel



---------------  S Y S T E M  ---------------

OS: Windows 7 , 64 bit Build 7601 (6.1.7601.17514)

CPU:total 4 (2 cores per cpu, 2 threads per core) family 6 model 58 stepping 9, cmov, cx8, fxsr, mmx, sse, sse2, sse3, ssse3, sse4.1, sse4.2, popcnt, avx, clmul, erms, ht, tsc, tscinvbit, tscinv

Memory: 4k page, physical 4083508k(113100k free), swap 6129664k(135744k free)

vm_info: Java HotSpot(TM) 64-Bit Server VM (25.77-b03) for windows-amd64 JRE (1.8.0_77-b03), built on Mar 20 2016 22:01:33 by "java_re" with MS VC++ 10.0 (VS2010)

time: Fri Nov 25 16:09:03 2016
elapsed time: 24 seconds (0d 0h 0m 24s)

