#
# There is insufficient memory for the Java Runtime Environment to continue.
# Native memory allocation (malloc) failed to allocate 1035936 bytes for Chunk::new
# Possible reasons:
#   The system is out of physical RAM or swap space
#   In 32 bit mode, the process size limit was hit
# Possible solutions:
#   Reduce memory load on the system
#   Increase physical memory or swap space
#   Check if swap backing store is full
#   Use 64 bit Java on a 64 bit OS
#   Decrease Java heap size (-Xmx/-Xms)
#   Decrease number of Java threads
#   Decrease Java thread stack sizes (-Xss)
#   Set larger code cache with -XX:ReservedCodeCacheSize=
# This output file may be truncated or incomplete.
#
#  Out of Memory Error (allocation.cpp:390), pid=5612, tid=5644
#
# JRE version: Java(TM) SE Runtime Environment (8.0_77-b03) (build 1.8.0_77-b03)
# Java VM: Java HotSpot(TM) 64-Bit Server VM (25.77-b03 mixed mode windows-amd64 compressed oops)
# Failed to write core dump. Minidumps are not enabled by default on client versions of Windows
#

---------------  T H R E A D  ---------------

Current thread (0x00000000563b7000):  JavaThread "C2 CompilerThread0" daemon [_thread_in_native, id=5644, stack(0x0000000055fd0000,0x00000000560d0000)]

Stack: [0x0000000055fd0000,0x00000000560d0000]
[error occurred during error reporting (printing stack bounds), id 0xc0000005]

Native frames: (J=compiled Java code, j=interpreted, Vv=VM code, C=native code)


Current CompileTask:
C2:  15287  937   !   4      
[error occurred during error reporting (printing current compile task), id 0xe0000001]


---------------  P R O C E S S  ---------------

Java Threads: ( => current thread )
  0x00000000566b8800 JavaThread "pool-2-thread-4" [_thread_in_vm, id=4364, stack(0x0000000057680000,0x0000000057780000)]
  0x00000000566a9000 JavaThread "pool-2-thread-3" [_thread_in_native, id=1060, stack(0x0000000056e20000,0x0000000056f20000)]
  0x00000000565d8800 JavaThread "pool-2-thread-2" [_thread_blocked, id=4488, stack(0x0000000057480000,0x0000000057580000)]
  0x00000000565c1000 JavaThread "pool-3-thread-1" [_thread_blocked, id=3908, stack(0x0000000056bc0000,0x0000000056cc0000)]
  0x000000005657b800 JavaThread "pool-2-thread-1" [_thread_blocked, id=5040, stack(0x0000000057230000,0x0000000057330000)]
  0x0000000056430000 JavaThread "Service Thread" daemon [_thread_blocked, id=5848, stack(0x0000000057100000,0x0000000057200000)]
  0x0000000056415000 JavaThread "C1 CompilerThread2" daemon [_thread_in_native, id=3268, stack(0x0000000056f20000,0x0000000057020000)]
  0x00000000550bf000 JavaThread "C2 CompilerThread1" daemon [_thread_in_native, id=3120, stack(0x0000000056ce0000,0x0000000056de0000)]
=>0x00000000563b7000 JavaThread "C2 CompilerThread0" daemon [_thread_in_native, id=5644, stack(0x0000000055fd0000,0x00000000560d0000)]
  0x00000000563b2800 JavaThread "Attach Listener" daemon [_thread_blocked, id=5524, stack(0x0000000056a60000,0x0000000056b60000)]
  0x00000000550b9000 JavaThread "Signal Dispatcher" daemon [_thread_blocked, id=3612, stack(0x0000000056860000,0x0000000056960000)]
  0x0000000055099000 JavaThread "Finalizer" daemon [_thread_blocked, id=5752, stack(0x00000000562b0000,0x00000000563b0000)]
  0x0000000055052000 JavaThread "Reference Handler" daemon [_thread_blocked, id=5272, stack(0x0000000056110000,0x0000000056210000)]
  0x000000000213d800 JavaThread "main" [_thread_in_vm, id=5768, stack(0x0000000002300000,0x0000000002400000)]

Other Threads:
  0x000000005504a000 VMThread [stack: 0x0000000055e50000,0x0000000055f50000] [id=2024]
  0x0000000056434800 WatcherThread [stack: 0x0000000056960000,0x0000000056a60000] [id=5988]

VM state:synchronizing (normal execution)

VM Mutex/Monitor currently owned by a thread:  ([mutex/lock_event])
[0x000000000213c020] Threads_lock - owner thread: 0x000000005504a000
[0x000000000213c520] Heap_lock - owner thread: 0x000000005657b800

Heap:
 PSYoungGen      total 18944K, used 18921K [0x00000000eab00000, 0x00000000ec000000, 0x0000000100000000)
  eden space 16384K, 100% used [0x00000000eab00000,0x00000000ebb00000,0x00000000ebb00000)
  from space 2560K, 99% used [0x00000000ebb00000,0x00000000ebd7a518,0x00000000ebd80000)
  to   space 2560K, 0% used [0x00000000ebd80000,0x00000000ebd80000,0x00000000ec000000)
 ParOldGen       total 44032K, used 2449K [0x00000000c0000000, 0x00000000c2b00000, 0x00000000eab00000)
  object space 44032K, 5% used [0x00000000c0000000,0x00000000c02644d8,0x00000000c2b00000)
 Metaspace       used 5715K, capacity 6832K, committed 7040K, reserved 1056768K
  class space    used 584K, capacity 616K, committed 640K, reserved 1048576K

Card table byte_map: [0x0000000011a90000,0x0000000011ca0000] byte_map_base: 0x0000000011490000

Marking Bits: (ParMarkBitMap*) 0x000000006cdf0600
 Begin Bits: [0x00000000124c0000, 0x00000000134c0000)
 End Bits:   [0x00000000134c0000, 0x00000000144c0000)

Polling page: 0x00000000005d0000

CodeCache: size=245760Kb used=3954Kb max_used=3954Kb free=241805Kb
 bounds [0x00000000026d0000, 0x0000000002ab0000, 0x00000000116d0000]
 total_blobs=1235 nmethods=973 adapters=175
 compilation: enabled

Compilation events (10 events):
Event: 15.242 Thread 0x0000000056415000 nmethod 981 0x0000000002aa5890 code [0x0000000002aa59e0, 0x0000000002aa5af0]
Event: 15.242 Thread 0x0000000056415000 1001       3       com.android.dx.ssa.SsaRenamer$BlockRenamer::process (191 bytes)
Event: 15.244 Thread 0x0000000056415000 nmethod 1001 0x0000000002aa5b50 code [0x0000000002aa5e80, 0x0000000002aa78a8]
Event: 15.244 Thread 0x0000000056415000  996       3       com.android.dx.rop.code.LocalVariableExtractor::processBlock (327 bytes)
Event: 15.249 Thread 0x0000000056415000 nmethod 996 0x0000000002aa8890 code [0x0000000002aa8d00, 0x0000000002aac698]
Event: 15.249 Thread 0x0000000056415000 1006       3       com.android.dx.util.IntList::binarysearch (124 bytes)
Event: 15.250 Thread 0x0000000056415000 nmethod 1006 0x0000000002aaead0 code [0x0000000002aaec60, 0x0000000002aaf110]
Event: 15.250 Thread 0x0000000056415000 1005       3       com.android.dx.cf.code.BasicBlocker::addWorkIfNecessary (32 bytes)
Event: 15.250 Thread 0x0000000056415000 nmethod 1005 0x0000000002aaf3d0 code [0x0000000002aaf560, 0x0000000002aaf930]
Event: 15.250 Thread 0x0000000056415000 1002       3       com.android.dx.ssa.SsaRenamer$BlockRenamer::updateSuccessorPhis (64 bytes)

GC Heap History (2 events):
Event: 14.791 GC heap before
{Heap before GC invocations=1 (full 0):
 PSYoungGen      total 18944K, used 16384K [0x00000000eab00000, 0x00000000ec000000, 0x0000000100000000)
  eden space 16384K, 100% used [0x00000000eab00000,0x00000000ebb00000,0x00000000ebb00000)
  from space 2560K, 0% used [0x00000000ebd80000,0x00000000ebd80000,0x00000000ec000000)
  to   space 2560K, 0% used [0x00000000ebb00000,0x00000000ebb00000,0x00000000ebd80000)
 ParOldGen       total 44032K, used 0K [0x00000000c0000000, 0x00000000c2b00000, 0x00000000eab00000)
  object space 44032K, 0% used [0x00000000c0000000,0x00000000c0000000,0x00000000c2b00000)
 Metaspace       used 5581K, capacity 6704K, committed 6784K, reserved 1056768K
  class space    used 582K, capacity 616K, committed 640K, reserved 1048576K
Event: 14.952 GC heap after
Heap after GC invocations=1 (full 0):
 PSYoungGen      total 18944K, used 2537K [0x00000000eab00000, 0x00000000ec000000, 0x0000000100000000)
  eden space 16384K, 0% used [0x00000000eab00000,0x00000000eab00000,0x00000000ebb00000)
  from space 2560K, 99% used [0x00000000ebb00000,0x00000000ebd7a518,0x00000000ebd80000)
  to   space 2560K, 0% used [0x00000000ebd80000,0x00000000ebd80000,0x00000000ec000000)
 ParOldGen       total 44032K, used 2449K [0x00000000c0000000, 0x00000000c2b00000, 0x00000000eab00000)
  object space 44032K, 5% used [0x00000000c0000000,0x00000000c02644d8,0x00000000c2b00000)
 Metaspace       used 5581K, capacity 6704K, committed 6784K, reserved 1056768K
  class space    used 582K, capacity 616K, committed 640K, reserved 1048576K
}

Deoptimization events (6 events):
Event: 14.551 Thread 0x00000000565d8800 Uncommon trap: reason=unstable_if action=reinterpret pc=0x0000000002916da0 method=java.util.BitSet.nextSetBit(I)I @ 87
Event: 14.554 Thread 0x00000000565d8800 Uncommon trap: reason=unstable_if action=reinterpret pc=0x00000000028bba48 method=java.util.HashMap.getNode(ILjava/lang/Object;)Ljava/util/HashMap$Node; @ 129
Event: 15.244 Thread 0x00000000566a9000 Uncommon trap: reason=unstable_if action=reinterpret pc=0x0000000002966e50 method=com.android.dx.cf.code.BasicBlocker.addWorkIfNecessary(IZ)V @ 8
Event: 15.246 Thread 0x00000000566a9000 Uncommon trap: reason=unstable_if action=reinterpret pc=0x00000000029dd6c4 method=com.android.dx.util.IntList.binarysearch(I)I @ 26
Event: 15.246 Thread 0x00000000566a9000 Uncommon trap: reason=unstable_if action=reinterpret pc=0x0000000002a62cd4 method=com.android.dx.util.IntList.binarysearch(I)I @ 26
Event: 15.248 Thread 0x00000000566a9000 Uncommon trap: reason=class_check action=maybe_recompile pc=0x0000000002a01fa0 method=com.android.dx.rop.type.Type.equals(Ljava/lang/Object;)Z @ 8

Internal exceptions (2 events):
Event: 3.144 Thread 0x000000000213d800 Exception <a 'java/lang/NoSuchMethodError': Method sun.misc.Unsafe.defineClass(Ljava/lang/String;[BII)Ljava/lang/Class; name or signature does not match> (0x00000000eab07cc0) thrown at [D:\re\workspace\8-2-build-windows-amd64-cygwin\jdk8u77\6540\hotspot\srFšø,¾'	@
Event: 3.144 Thread 0x000000000213d800 Exception <a 'java/lang/NoSuchMethodError': Method sun.misc.Unsafe.prefetchRead(Ljava/lang/Object;J)V name or signature does not match> (0x00000000eab07fa8) thrown at [D:\re\workspace\8-2-build-windows-amd64-cygwin\jdk8u77\6540\hotspot\src\share\vm\prims\j

Events (10 events):
Event: 15.246 Thread 0x00000000566a9000 Uncommon trap: trap_request=0xffffff65 fr.pc=0x00000000029dd6c4
Event: 15.246 Thread 0x00000000566a9000 DEOPT PACKING pc=0x00000000029dd6c4 sp=0x0000000056f1e9f0
Event: 15.246 Thread 0x00000000566a9000 DEOPT UNPACKING pc=0x000000000271582a sp=0x0000000056f1e968 mode 2
Event: 15.246 Thread 0x00000000566a9000 Uncommon trap: trap_request=0xffffff65 fr.pc=0x0000000002a62cd4
Event: 15.246 Thread 0x00000000566a9000 DEOPT PACKING pc=0x0000000002a62cd4 sp=0x0000000056f1e9d0
Event: 15.246 Thread 0x00000000566a9000 DEOPT UNPACKING pc=0x000000000271582a sp=0x0000000056f1e810 mode 2
Event: 15.248 Thread 0x00000000566a9000 Uncommon trap: trap_request=0xffffffde fr.pc=0x0000000002a01fa0
Event: 15.248 Thread 0x00000000566a9000 DEOPT PACKING pc=0x0000000002a01fa0 sp=0x0000000056f1e6f0
Event: 15.248 Thread 0x00000000566a9000 DEOPT UNPACKING pc=0x000000000271582a sp=0x0000000056f1e698 mode 2
Event: 15.248 loading class java/util/HashMap$Values


Dynamic libraries:
0x000000013fe10000 - 0x000000013fe47000 	C:\Program Files\Java\jdk1.8.0_77\bin\java.exe
0x0000000077540000 - 0x00000000776e9000 	C:\Windows\SYSTEM32\ntdll.dll
0x0000000077320000 - 0x000000007743f000 	C:\Windows\system32\kernel32.dll
0x000007fefd660000 - 0x000007fefd6cb000 	C:\Windows\system32\KERNELBASE.dll
0x000007fefeed0000 - 0x000007fefefab000 	C:\Windows\system32\ADVAPI32.dll
0x000007feff1c0000 - 0x000007feff25f000 	C:\Windows\system32\msvcrt.dll
0x000007fefda20000 - 0x000007fefda3f000 	C:\Windows\SYSTEM32\sechost.dll
0x000007feff260000 - 0x000007feff38d000 	C:\Windows\system32\RPCRT4.dll
0x0000000077440000 - 0x000000007753a000 	C:\Windows\system32\USER32.dll
0x000007fefebb0000 - 0x000007fefec17000 	C:\Windows\system32\GDI32.dll
0x000007fefd930000 - 0x000007fefd93e000 	C:\Windows\system32\LPK.dll
0x000007fefd860000 - 0x000007fefd929000 	C:\Windows\system32\USP10.dll
0x000007fefbbc0000 - 0x000007fefbdb4000 	C:\Windows\WinSxS\amd64_microsoft.windows.common-controls_6595b64144ccf1df_6.0.7601.17514_none_fa396087175ac9ac\COMCTL32.dll
0x000007feff430000 - 0x000007feff4a1000 	C:\Windows\system32\SHLWAPI.dll
0x000007fefee20000 - 0x000007fefee4e000 	C:\Windows\system32\IMM32.DLL
0x000007feff740000 - 0x000007feff849000 	C:\Windows\system32\MSCTF.dll
0x000000006bba0000 - 0x000000006bc72000 	C:\Program Files\Java\jdk1.8.0_77\jre\bin\msvcr100.dll
0x000000006c5e0000 - 0x000000006ce70000 	C:\Program Files\Java\jdk1.8.0_77\jre\bin\server\jvm.dll
0x000007fefbef0000 - 0x000007fefbef9000 	C:\Windows\system32\WSOCK32.dll
0x000007feff550000 - 0x000007feff59d000 	C:\Windows\system32\WS2_32.dll
0x000007feff5a0000 - 0x000007feff5a8000 	C:\Windows\system32\NSI.dll
0x000007fefb2b0000 - 0x000007fefb2eb000 	C:\Windows\system32\WINMM.dll
0x000007fefc5f0000 - 0x000007fefc5fc000 	C:\Windows\system32\VERSION.dll
0x0000000077700000 - 0x0000000077707000 	C:\Windows\system32\PSAPI.DLL
0x0000000073bc0000 - 0x0000000073bcf000 	C:\Program Files\Java\jdk1.8.0_77\jre\bin\verify.dll
0x0000000073b90000 - 0x0000000073bb9000 	C:\Program Files\Java\jdk1.8.0_77\jre\bin\java.dll
0x0000000073b70000 - 0x0000000073b86000 	C:\Program Files\Java\jdk1.8.0_77\jre\bin\zip.dll
0x000007fefdca0000 - 0x000007fefea28000 	C:\Windows\system32\SHELL32.dll
0x000007fefefb0000 - 0x000007feff1b3000 	C:\Windows\system32\ole32.dll
0x000007fefd490000 - 0x000007fefd49f000 	C:\Windows\system32\profapi.dll

VM Arguments:
jvm_args: -Djava.awt.headless=true -Xmx1024M -Dfile.encoding=windows-1256 -Duser.country=US -Duser.language=en -Duser.variant 
java_command: com.android.dx.command.Main --dex --force-jumbo --num-threads=4 --multi-dex --output C:\Users\Ahmed\Desktop\TeacherCalender\app\build\intermediates\transforms\dex\debug\folders\1000\5\slice_0 C:\Users\Ahmed\Desktop\TeacherCalender\app\build\intermediates\transforms\instantRunSlicer\debug\folders\1\5\slice_0
java_class_path (initial): C:\Users\Ahmed\AppData\Local\Android\sdk\build-tools\23.0.3\lib\dx.jar
Launcher Type: SUN_STANDARD

Environment Variables:
PATH=C:\Program Files\Java\jdk1.8.0_77\bin;C:\Program Files\Microsoft SQL Server\110\Tools\Binn\;C:\Program Files (x86)\Autodesk\Backburner\;C:\Program Files (x86)\Common Files\Autodesk Shared\
USERNAME=Ahmed
OS=Windows_NT
PROCESSOR_IDENTIFIER=Intel64 Family 6 Model 58 Stepping 9, GenuineIntel



---------------  S Y S T E M  ---------------

OS: Windows 7 , 64 bit Build 7601 (6.1.7601.17514)

CPU:total 4 (2 cores per cpu, 2 threads per core) family 6 model 58 stepping 9, cmov, cx8, fxsr, mmx, sse, sse2, sse3, ssse3, sse4.1, sse4.2, popcnt, avx, clmul, erms, ht, tsc, tscinvbit, tscinv

Memory: 4k page, physical 4083508k(86608k free), swap 6129664k(4748k free)

vm_info: Java HotSpot(TM) 64-Bit Server VM (25.77-b03) for windows-amd64 JRE (1.8.0_77-b03), built on Mar 20 2016 22:01:33 by "java_re" with MS VC++ 10.0 (VS2010)

time: Fri Nov 25 16:08:36 2016
elapsed time: 15 seconds (0d 0h 0m 15s)

