#
# A fatal error has been detected by the Java Runtime Environment:
#
#  EXCEPTION_ACCESS_VIOLATION (0xc0000005) at pc=0x000000006c7f1c17, pid=1176, tid=5612
#
# JRE version: Java(TM) SE Runtime Environment (8.0_77-b03) (build 1.8.0_77-b03)
# Java VM: Java HotSpot(TM) 64-Bit Server VM (25.77-b03 mixed mode windows-amd64 compressed oops)
# Problematic frame:
# V  [jvm.dll+0x211c17]
#
# Failed to write core dump. Minidumps are not enabled by default on client versions of Windows
#
# If you would like to submit a bug report, please visit:
#   http://bugreport.java.com/bugreport/crash.jsp
#

---------------  T H R E A D  ---------------

Current thread (0x0000000056619800):  JavaThread "pool-2-thread-3" [_thread_in_vm, id=5612, stack(0x0000000057970000,0x0000000057a70000)]

siginfo: ExceptionCode=0xc0000005, writing address 0x0000000057a62cb0

Registers:
RAX=0x0000000057a62cb0, RBX=0x0000000000000007, RCX=0x0000000000006000, RDX=0x000000000000001f
RSP=0x0000000057a68cb0, RBP=0x0000000000000000, RSI=0x0000000057a68cb0, RDI=0x0000000000000007
R8 =0x000000000000001f, R9 =0x0000000056527430, R10=0x0000000054679ff0, R11=0x000000005797a158
R12=0x0000000056527430, R13=0x0000000056619800, R14=0x0000000057a68de0, R15=0x0000000054679ff0
RIP=0x000000006c7f1c17, EFLAGS=0x0000000000010202

Top of Stack: (sp=0x0000000057a68cb0)
0x0000000057a68cb0:   0000000002090c20 0000000014691278
0x0000000057a68cc0:   0000000056619800 0000000056527430
0x0000000057a68cd0:   00000000ffffffff 000000006c7f2b47
0x0000000057a68ce0:   0000000057a68de0 0000000054679ff0
0x0000000057a68cf0:   0000000056619800 000007fefd661aca
0x0000000057a68d00:   00000000000000a0 00000000000000a0
0x0000000057a68d10:   0000000077655410 0000000000000000
0x0000000057a68d20:   0000000054679ff0 0000000056619800
0x0000000057a68d30:   0000000002726e60 000000000000002f
0x0000000057a68d40:   00000000022602b8 0000000077593488
0x0000000057a68d50:   0000000000000000 000000006c7f5355
0x0000000057a68d60:   00000000563f5e10 0000000054679ff0
0x0000000057a68d70:   0000000056619800 000000006c7391f9
0x0000000057a68d80:   0000000056656590 0000000073b7a3d3
0x0000000057a68d90:   0000000057a68f28 0000000057a68e00
0x0000000057a68da0:   00000000b3d6f0c4 000000006c723bc2 

Instructions: (pc=0x000000006c7f1c17)
0x000000006c7f1bf7:   48 89 6c 24 30 33 ed 66 90 e8 4b 36 08 00 ff c3
0x000000006c7f1c07:   48 63 c8 48 8b c6 48 0f af cf 48 ff c7 48 2b c1
0x000000006c7f1c17:   89 28 48 63 c3 48 3b 05 6d aa 58 00 7e db 48 8b
0x000000006c7f1c27:   6c 24 30 48 8b 5c 24 38 48 8b 74 24 40 48 83 c4 


Register to memory mapping:

RAX=0x0000000057a62cb0 is pointing into the stack for thread: 0x0000000056619800
RBX=0x0000000000000007 is an unknown value
RCX=0x0000000000006000 is an unknown value
RDX=0x000000000000001f is an unknown value
RSP=0x0000000057a68cb0 is pointing into the stack for thread: 0x0000000056619800
RBP=0x0000000000000000 is an unknown value
RSI=0x0000000057a68cb0 is pointing into the stack for thread: 0x0000000056619800
RDI=0x0000000000000007 is an unknown value
R8 =0x000000000000001f is an unknown value
R9 =0x0000000056527430 is an unknown value
R10={method} {0x0000000054679ff8} 'register' '(Ljava/lang/Object;)V' in 'java/lang/ref/Finalizer'
R11=0x000000005797a158 is pointing into the stack for thread: 0x0000000056619800
R12=0x0000000056527430 is an unknown value
R13=0x0000000056619800 is a thread
R14=0x0000000057a68de0 is pointing into the stack for thread: 0x0000000056619800
R15={method} {0x0000000054679ff8} 'register' '(Ljava/lang/Object;)V' in 'java/lang/ref/Finalizer'


Stack: [0x0000000057970000,0x0000000057a70000],  sp=0x0000000057a68cb0,  free space=995k
Native frames: (J=compiled Java code, j=interpreted, Vv=VM code, C=native code)

Java frames: (J=compiled Java code, j=interpreted, Vv=VM code)
v  ~RuntimeStub::register_finalizer Runtime1 stub
J 165 C1 java.io.InputStream.<init>()V (5 bytes) @ 0x00000000028388f2 [0x0000000002838840+0xb2]
j  java.util.zip.ZipFile$ZipFileInputStream.<init>(Ljava/util/zip/ZipFile;J)V+6
j  java.util.zip.ZipFile.getInputStream(Ljava/util/zip/ZipEntry;)Ljava/io/InputStream;+109
j  java.util.jar.JarFile.getInputStream(Ljava/util/zip/ZipEntry;)Ljava/io/InputStream;+13
j  sun.misc.URLClassPath$JarLoader$2.getInputStream()Ljava/io/InputStream;+11
J 275 C1 sun.misc.Resource.cachedInputStream()Ljava/io/InputStream; (20 bytes) @ 0x000000000288bf7c [0x000000000288bd80+0x1fc]
j  sun.misc.Resource.getByteBuffer()Ljava/nio/ByteBuffer;+1
j  java.net.URLClassLoader.defineClass(Ljava/lang/String;Lsun/misc/Resource;)Ljava/lang/Class;+50
J 274 C1 java.net.URLClassLoader$1.run()Ljava/lang/Class; (63 bytes) @ 0x000000000288b6ec [0x000000000288b420+0x2cc]
J 273 C1 java.net.URLClassLoader$1.run()Ljava/lang/Object; (5 bytes) @ 0x000000000288b08c [0x000000000288b000+0x8c]
v  ~StubRoutines::call_stub
J 272  java.security.AccessController.doPrivileged(Ljava/security/PrivilegedExceptionAction;Ljava/security/AccessControlContext;)Ljava/lang/Object; (0 bytes) @ 0x000000000288aca6 [0x000000000288ac40+0x66]
J 205 C1 java.net.URLClassLoader.findClass(Ljava/lang/String;)Ljava/lang/Class; (47 bytes) @ 0x000000000285b284 [0x000000000285b100+0x184]
J 125 C1 java.lang.ClassLoader.loadClass(Ljava/lang/String;Z)Ljava/lang/Class; (122 bytes) @ 0x000000000282510c [0x00000000028247c0+0x94c]
J 400 C1 sun.misc.Launcher$AppClassLoader.loadClass(Ljava/lang/String;Z)Ljava/lang/Class; (85 bytes) @ 0x00000000028eb04c [0x00000000028ea6c0+0x98c]
J 259 C1 java.lang.ClassLoader.loadClass(Ljava/lang/String;)Ljava/lang/Class; (7 bytes) @ 0x0000000002883984 [0x0000000002883880+0x104]
v  ~StubRoutines::call_stub
j  java.lang.ClassLoader.defineClass1(Ljava/lang/String;[BIILjava/security/ProtectionDomain;Ljava/lang/String;)Ljava/lang/Class;+0
j  java.lang.ClassLoader.defineClass(Ljava/lang/String;[BIILjava/security/ProtectionDomain;)Ljava/lang/Class;+27
j  java.security.SecureClassLoader.defineClass(Ljava/lang/String;[BIILjava/security/CodeSource;)Ljava/lang/Class;+12
j  java.net.URLClassLoader.defineClass(Ljava/lang/String;Lsun/misc/Resource;)Ljava/lang/Class;+138
J 274 C1 java.net.URLClassLoader$1.run()Ljava/lang/Class; (63 bytes) @ 0x000000000288b6ec [0x000000000288b420+0x2cc]
J 273 C1 java.net.URLClassLoader$1.run()Ljava/lang/Object; (5 bytes) @ 0x000000000288b08c [0x000000000288b000+0x8c]
v  ~StubRoutines::call_stub
J 272  java.security.AccessController.doPrivileged(Ljava/security/PrivilegedExceptionAction;Ljava/security/AccessControlContext;)Ljava/lang/Object; (0 bytes) @ 0x000000000288aca6 [0x000000000288ac40+0x66]
J 205 C1 java.net.URLClassLoader.findClass(Ljava/lang/String;)Ljava/lang/Class; (47 bytes) @ 0x000000000285b284 [0x000000000285b100+0x184]
J 125 C1 java.lang.ClassLoader.loadClass(Ljava/lang/String;Z)Ljava/lang/Class; (122 bytes) @ 0x000000000282510c [0x00000000028247c0+0x94c]
J 400 C1 sun.misc.Launcher$AppClassLoader.loadClass(Ljava/lang/String;Z)Ljava/lang/Class; (85 bytes) @ 0x00000000028eb04c [0x00000000028ea6c0+0x98c]
J 259 C1 java.lang.ClassLoader.loadClass(Ljava/lang/String;)Ljava/lang/Class; (7 bytes) @ 0x0000000002883984 [0x0000000002883880+0x104]
v  ~StubRoutines::call_stub
j  com.android.dx.dex.code.BlockAddresses.setupArrays(Lcom/android/dx/rop/code/RopMethod;)V+51
j  com.android.dx.dex.code.BlockAddresses.<init>(Lcom/android/dx/rop/code/RopMethod;)V+40
j  com.android.dx.dex.code.RopTranslator.<init>(Lcom/android/dx/rop/code/RopMethod;ILcom/android/dx/rop/code/LocalVariableInfo;ILcom/android/dx/dex/DexOptions;)V+31
j  com.android.dx.dex.code.RopTranslator.translate(Lcom/android/dx/rop/code/RopMethod;ILcom/android/dx/rop/code/LocalVariableInfo;ILcom/android/dx/dex/DexOptions;)Lcom/android/dx/dex/code/DalvCode;+10
j  com.android.dx.dex.cf.CfTranslator.processMethods(Lcom/android/dx/cf/direct/DirectClassFile;Lcom/android/dx/dex/cf/CfOptions;Lcom/android/dx/dex/DexOptions;Lcom/android/dx/dex/file/ClassDefItem;Lcom/android/dx/dex/file/DexFile;)V+312
j  com.android.dx.dex.cf.CfTranslator.translate0(Lcom/android/dx/cf/direct/DirectClassFile;[BLcom/android/dx/dex/cf/CfOptions;Lcom/android/dx/dex/DexOptions;Lcom/android/dx/dex/file/DexFile;)Lcom/android/dx/dex/file/ClassDefItem;+120
j  com.android.dx.dex.cf.CfTranslator.translate(Lcom/android/dx/cf/direct/DirectClassFile;[BLcom/android/dx/dex/cf/CfOptions;Lcom/android/dx/dex/DexOptions;Lcom/android/dx/dex/file/DexFile;)Lcom/android/dx/dex/file/ClassDefItem;+6
j  com.android.dx.command.dexer.Main.translateClass([BLcom/android/dx/cf/direct/DirectClassFile;)Lcom/android/dx/dex/file/ClassDefItem;+17
j  com.android.dx.command.dexer.Main.access$2700([BLcom/android/dx/cf/direct/DirectClassFile;)Lcom/android/dx/dex/file/ClassDefItem;+2
j  com.android.dx.command.dexer.Main$ClassTranslatorTask.call()Lcom/android/dx/dex/file/ClassDefItem;+8
j  com.android.dx.command.dexer.Main$ClassTranslatorTask.call()Ljava/lang/Object;+1
j  java.util.concurrent.FutureTask.run()V+42
j  java.util.concurrent.ThreadPoolExecutor.runWorker(Ljava/util/concurrent/ThreadPoolExecutor$Worker;)V+95
j  java.util.concurrent.ThreadPoolExecutor$Worker.run()V+5
j  java.lang.Thread.run()V+11
v  ~StubRoutines::call_stub

---------------  P R O C E S S  ---------------

Java Threads: ( => current thread )
  0x000000005661c000 JavaThread "pool-2-thread-4" [_thread_blocked, id=3060, stack(0x0000000057ac0000,0x0000000057bc0000)]
=>0x0000000056619800 JavaThread "pool-2-thread-3" [_thread_in_vm, id=5612, stack(0x0000000057970000,0x0000000057a70000)]
  0x000000005652c800 JavaThread "pool-2-thread-2" [_thread_blocked, id=3668, stack(0x0000000057870000,0x0000000057970000)]
  0x0000000056528000 JavaThread "pool-3-thread-1" [_thread_blocked, id=4144, stack(0x0000000057740000,0x0000000057840000)]
  0x0000000056526000 JavaThread "pool-2-thread-1" [_thread_blocked, id=2616, stack(0x00000000574f0000,0x00000000575f0000)]
  0x00000000563f6000 JavaThread "Service Thread" daemon [_thread_blocked, id=5848, stack(0x0000000056bd0000,0x0000000056cd0000)]
  0x000000005504b800 JavaThread "C1 CompilerThread2" daemon [_thread_blocked, id=592, stack(0x00000000570f0000,0x00000000571f0000)]
  0x0000000056379800 JavaThread "C2 CompilerThread1" daemon [_thread_blocked, id=5524, stack(0x0000000056ec0000,0x0000000056fc0000)]
  0x0000000056377000 JavaThread "C2 CompilerThread0" daemon [_thread_blocked, id=5312, stack(0x0000000056cd0000,0x0000000056dd0000)]
  0x0000000056373000 JavaThread "Attach Listener" daemon [_thread_blocked, id=3612, stack(0x0000000056a20000,0x0000000056b20000)]
  0x0000000055049800 JavaThread "Signal Dispatcher" daemon [_thread_blocked, id=5828, stack(0x0000000056860000,0x0000000056960000)]
  0x0000000055029000 JavaThread "Finalizer" daemon [_thread_blocked, id=5932, stack(0x0000000055f60000,0x0000000056060000)]
  0x0000000054fe2000 JavaThread "Reference Handler" daemon [_thread_blocked, id=5824, stack(0x0000000056270000,0x0000000056370000)]
  0x000000000226e000 JavaThread "main" [_thread_blocked, id=2068, stack(0x0000000002310000,0x0000000002410000)]

Other Threads:
  0x0000000054fda800 VMThread [stack: 0x0000000056100000,0x0000000056200000] [id=3456]
  0x000000005641f800 WatcherThread [stack: 0x0000000057330000,0x0000000057430000] [id=5532]

VM state:not at safepoint (normal execution)

VM Mutex/Monitor currently owned by a thread: None

Heap:
 PSYoungGen      total 18944K, used 9274K [0x00000000eab00000, 0x00000000ec000000, 0x0000000100000000)
  eden space 16384K, 56% used [0x00000000eab00000,0x00000000eb40e9a0,0x00000000ebb00000)
  from space 2560K, 0% used [0x00000000ebd80000,0x00000000ebd80000,0x00000000ec000000)
  to   space 2560K, 0% used [0x00000000ebb00000,0x00000000ebb00000,0x00000000ebd80000)
 ParOldGen       total 44032K, used 0K [0x00000000c0000000, 0x00000000c2b00000, 0x00000000eab00000)
  object space 44032K, 0% used [0x00000000c0000000,0x00000000c0000000,0x00000000c2b00000)
 Metaspace       used 5195K, capacity 6162K, committed 6272K, reserved 1056768K
  class space    used 571K, capacity 586K, committed 640K, reserved 1048576K

Card table byte_map: [0x0000000011aa0000,0x0000000011cb0000] byte_map_base: 0x00000000114a0000

Marking Bits: (ParMarkBitMap*) 0x000000006cdf0600
 Begin Bits: [0x0000000012450000, 0x0000000013450000)
 End Bits:   [0x0000000013450000, 0x0000000014450000)

Polling page: 0x0000000000440000

CodeCache: size=245760Kb used=2286Kb max_used=2286Kb free=243473Kb
 bounds [0x00000000026e0000, 0x0000000002950000, 0x00000000116e0000]
 total_blobs=778 nmethods=510 adapters=181
 compilation: enabled

Compilation events (10 events):
Event: 14.622 Thread 0x000000005504b800  509       3       java.lang.Integer::numberOfTrailingZeros (79 bytes)
Event: 14.623 Thread 0x000000005504b800 nmethod 509 0x000000000291ad10 code [0x000000000291ae80, 0x000000000291b130]
Event: 14.623 Thread 0x000000005504b800  510       3       com.android.dx.util.Bits::clear (21 bytes)
Event: 14.623 Thread 0x000000005504b800 nmethod 510 0x000000000291b190 code [0x000000000291b2e0, 0x000000000291b450]
Event: 14.623 Thread 0x000000005504b800  505       3       com.android.dx.util.IntList::contains (14 bytes)
Event: 14.623 Thread 0x000000005504b800 nmethod 505 0x000000000291b550 code [0x000000000291b6c0, 0x000000000291ba48]
Event: 14.624 Thread 0x000000005504b800  504       3       com.android.dx.rop.code.CstInsn::<init> (31 bytes)
Event: 14.624 Thread 0x000000005504b800 nmethod 504 0x000000000291bb10 code [0x000000000291bc80, 0x000000000291bf38]
Event: 14.624 Thread 0x000000005504b800  508       1       com.android.dx.rop.code.ThrowingCstInsn::getCatches (5 bytes)
Event: 14.624 Thread 0x000000005504b800 nmethod 508 0x000000000291c050 code [0x000000000291c1a0, 0x000000000291c2b0]

GC Heap History (0 events):
No events

Deoptimization events (0 events):
No events

Internal exceptions (4 events):
Event: 0.414 Thread 0x000000000226e000 Exception <a 'java/lang/NoSuchMethodError': Method sun.misc.Unsafe.defineClass(Ljava/lang/String;[BII)Ljava/lang/Class; name or signature does not match> (0x00000000eab07cc0) thrown at [D:\re\workspace\8-2-build-windows-amd64-cygwin\jdk8u77\6540\hotspot\srÅ`ó˛fÉ⁄?
Event: 0.414 Thread 0x000000000226e000 Exception <a 'java/lang/NoSuchMethodError': Method sun.misc.Unsafe.prefetchRead(Ljava/lang/Object;J)V name or signature does not match> (0x00000000eab07fa8) thrown at [D:\re\workspace\8-2-build-windows-amd64-cygwin\jdk8u77\6540\hotspot\src\share\vm\prims\jUµı™@
Event: 3.758 Thread 0x0000000056619800 Exception <a 'java/lang/StackOverflowError'> (0x00000000eb035130) thrown at [D:\re\workspace\8-2-build-windows-amd64-cygwin\jdk8u77\6540\hotspot\src\share\vm\interpreter\interpreterRuntime.cpp, line 323]
Event: 6.026 Thread 0x0000000056619800 Exception <a 'java/lang/StackOverflowError'> (0x00000000eb035130) thrown at [D:\re\workspace\8-2-build-windows-amd64-cygwin\jdk8u77\6540\hotspot\src\share\vm\prims\jvm.cpp, line 1390]

Events (10 events):
Event: 19.227 loading class com/android/dx/dex/code/FixedSizeInsn
Event: 19.227 loading class com/android/dx/dex/code/FixedSizeInsn done
Event: 19.715 loading class com/android/dx/dex/code/BlockAddresses
Event: 19.715 loading class com/android/dx/dex/code/BlockAddresses done
Event: 19.715 Executing VM operation: RevokeBias
Event: 19.716 Executing VM operation: RevokeBias done
Event: 19.717 loading class com/android/dx/dex/code/HighRegisterPrefix
Event: 19.717 loading class com/android/dx/dex/code/HighRegisterPrefix done
Event: 20.107 loading class com/android/dx/dex/code/VariableSizeInsn
Event: 20.107 loading class com/android/dx/dex/code/VariableSizeInsn done


Dynamic libraries:
0x000000013fe10000 - 0x000000013fe47000 	C:\Program Files\Java\jdk1.8.0_77\bin\java.exe
0x0000000077540000 - 0x00000000776e9000 	C:\Windows\SYSTEM32\ntdll.dll
0x0000000077320000 - 0x000000007743f000 	C:\Windows\system32\kernel32.dll
0x000007fefd660000 - 0x000007fefd6cb000 	C:\Windows\system32\KERNELBASE.dll
0x000007fefeed0000 - 0x000007fefefab000 	C:\Windows\system32\ADVAPI32.dll
0x000007feff1c0000 - 0x000007feff25f000 	C:\Windows\system32\msvcrt.dll
0x000007fefda20000 - 0x000007fefda3f000 	C:\Windows\SYSTEM32\sechost.dll
0x000007feff260000 - 0x000007feff38d000 	C:\Windows\system32\RPCRT4.dll
0x0000000077440000 - 0x000000007753a000 	C:\Windows\system32\USER32.dll
0x000007fefebb0000 - 0x000007fefec17000 	C:\Windows\system32\GDI32.dll
0x000007fefd930000 - 0x000007fefd93e000 	C:\Windows\system32\LPK.dll
0x000007fefd860000 - 0x000007fefd929000 	C:\Windows\system32\USP10.dll
0x000007fefbbc0000 - 0x000007fefbdb4000 	C:\Windows\WinSxS\amd64_microsoft.windows.common-controls_6595b64144ccf1df_6.0.7601.17514_none_fa396087175ac9ac\COMCTL32.dll
0x000007feff430000 - 0x000007feff4a1000 	C:\Windows\system32\SHLWAPI.dll
0x000007fefee20000 - 0x000007fefee4e000 	C:\Windows\system32\IMM32.DLL
0x000007feff740000 - 0x000007feff849000 	C:\Windows\system32\MSCTF.dll
0x000000006bba0000 - 0x000000006bc72000 	C:\Program Files\Java\jdk1.8.0_77\jre\bin\msvcr100.dll
0x000000006c5e0000 - 0x000000006ce70000 	C:\Program Files\Java\jdk1.8.0_77\jre\bin\server\jvm.dll
0x000007fefbef0000 - 0x000007fefbef9000 	C:\Windows\system32\WSOCK32.dll
0x000007feff550000 - 0x000007feff59d000 	C:\Windows\system32\WS2_32.dll
0x000007feff5a0000 - 0x000007feff5a8000 	C:\Windows\system32\NSI.dll
0x000007fefb2b0000 - 0x000007fefb2eb000 	C:\Windows\system32\WINMM.dll
0x000007fefc5f0000 - 0x000007fefc5fc000 	C:\Windows\system32\VERSION.dll
0x0000000077700000 - 0x0000000077707000 	C:\Windows\system32\PSAPI.DLL
0x0000000073bc0000 - 0x0000000073bcf000 	C:\Program Files\Java\jdk1.8.0_77\jre\bin\verify.dll
0x0000000073b90000 - 0x0000000073bb9000 	C:\Program Files\Java\jdk1.8.0_77\jre\bin\java.dll
0x0000000073b70000 - 0x0000000073b86000 	C:\Program Files\Java\jdk1.8.0_77\jre\bin\zip.dll
0x000007fefdca0000 - 0x000007fefea28000 	C:\Windows\system32\SHELL32.dll
0x000007fefefb0000 - 0x000007feff1b3000 	C:\Windows\system32\ole32.dll
0x000007fefd490000 - 0x000007fefd49f000 	C:\Windows\system32\profapi.dll
0x000007fef9970000 - 0x000007fef9a95000 	C:\Windows\system32\dbghelp.dll

VM Arguments:
jvm_args: -Djava.awt.headless=true -Xmx1024M -Dfile.encoding=windows-1256 -Duser.country=US -Duser.language=en -Duser.variant 
java_command: com.android.dx.command.Main --dex --force-jumbo --num-threads=4 --multi-dex --output C:\Users\Ahmed\Desktop\TeacherCalender\app\build\intermediates\transforms\dex\debug\folders\1000\10\com.android.support-support-vector-drawable-23.3.0_472c6f0db863bb6f8103ab35f37b28b797a4eec0 C:\Users\Ahmed\Desktop\TeacherCalender\app\build\intermediates\exploded-aar\com.android.support\support-vector-drawable\23.3.0\jars\classes.jar
java_class_path (initial): C:\Users\Ahmed\AppData\Local\Android\sdk\build-tools\23.0.3\lib\dx.jar
Launcher Type: SUN_STANDARD

Environment Variables:
PATH=C:\Program Files\Java\jdk1.8.0_77\bin;C:\Program Files\Microsoft SQL Server\110\Tools\Binn\;C:\Program Files (x86)\Autodesk\Backburner\;C:\Program Files (x86)\Common Files\Autodesk Shared\
USERNAME=Ahmed
OS=Windows_NT
PROCESSOR_IDENTIFIER=Intel64 Family 6 Model 58 Stepping 9, GenuineIntel



---------------  S Y S T E M  ---------------

OS: Windows 7 , 64 bit Build 7601 (6.1.7601.17514)

CPU:total 4 (2 cores per cpu, 2 threads per core) family 6 model 58 stepping 9, cmov, cx8, fxsr, mmx, sse, sse2, sse3, ssse3, sse4.1, sse4.2, popcnt, avx, clmul, erms, ht, tsc, tscinvbit, tscinv

Memory: 4k page, physical 4083508k(113132k free), swap 6129664k(135788k free)

vm_info: Java HotSpot(TM) 64-Bit Server VM (25.77-b03) for windows-amd64 JRE (1.8.0_77-b03), built on Mar 20 2016 22:01:33 by "java_re" with MS VC++ 10.0 (VS2010)

time: Fri Nov 25 16:09:03 2016
elapsed time: 24 seconds (0d 0h 0m 24s)

